for proj in su3_schr_rmd su3_schr_phi su3_schr_hmc su3_schr_sw_phi su3_schr_sw_hmc su3_schr_rmd_ph su3_schr_phi_ph su3_schr_hmc_ph su3_schr_rw_rmd su3_schr_rw_phi su3_schr_rw_hmc;\
do\
     	     cp -p ../Make_vanilla .;\
     make -f Make_vanilla $proj;\
     make -f Make_test "PROJ=$proj" out.test.diff.$proj;\
     rm -f $proj;\
done
make[1]: Entering directory `/home/dirac/detar/milc/v6/schroed_ks_dyn'
make -f Make_vanilla target "MYTARGET= su3_schr_rmd" \
"DEFINES= -DSCHROED_FUN" \
"EXTRA_OBJECTS= update.o"
make[2]: Entering directory `/home/dirac/detar/milc/v6/schroed_ks_dyn'
touch .lastmake.humor_irix; /bin/rm -f .lastmake.*
make -f Make_vanilla clean
make[3]: Entering directory `/home/dirac/detar/milc/v6/schroed_ks_dyn'
touch humor_irix.o; /bin/rm -f *.o
make[3]: Leaving directory `/home/dirac/detar/milc/v6/schroed_ks_dyn'
touch .lastmake.Make_vanilla.su3_schr_rmd
g++ -c -g -Wall -DINLINE -DVANILLA -I.  -DSCHROED_FUN   control.c
g++ -c -g -Wall -DINLINE -DVANILLA -I.  -DSCHROED_FUN   setup.c
setup.c: In function `int readin(int)':
setup.c:101: warning: unused variable `int i'
setup.c: In function `void rephase_sf(int)':
setup.c:233: warning: unused variable `float ddi'
setup.c:233: warning: unused variable `float ddr'
setup.c:233: warning: unused variable `float ethi'
setup.c:233: warning: unused variable `float ethr'
g++ -c -g -Wall -DINLINE -DVANILLA -I.  -DSCHROED_FUN   update_u.c
g++ -c -g -Wall -DINLINE -DVANILLA -I.  -DSCHROED_FUN   update_h.c
update_h.c: In function `void gauge_force(float)':
update_h.c:20: warning: unused variable `struct msg_tag * tag4'
update_h.c:20: warning: unused variable `struct msg_tag * tag3'
g++ -c -g -Wall -DINLINE -DVANILLA -I.  -DSCHROED_FUN   f_measure.c
g++ -c -g -Wall -DINLINE -DVANILLA -I.  -DSCHROED_FUN   gauge_info.c
g++ -c -g -Wall -DINLINE -DVANILLA -I.  -DSCHROED_FUN    ../generic/layout_hyper.c 
g++ -c -g -Wall -DINLINE -DVANILLA -I.  -DSCHROED_FUN    ../generic/check_unitarity.c 
g++ -c -g -Wall -DINLINE -DVANILLA -I.  -DSCHROED_FUN    ../generic/io_helpers.c 
g++ -c -g -Wall -DINLINE -DVANILLA -I.  -DSCHROED_FUN    ../generic/io_lat4.c 
g++ -c -g -Wall -DINLINE -DVANILLA -I.  -DSCHROED_FUN    ../generic/make_lattice.c 
g++ -c -g -Wall -DINLINE -DVANILLA -I.  -DSCHROED_FUN    ../generic/plaquette4.c 
g++ -c -g -Wall -DINLINE -DVANILLA -I.  -DSCHROED_FUN    ../generic/d_plaq2.c 
g++ -c -g -Wall -DINLINE -DVANILLA -I.  -DSCHROED_FUN    ../generic/ranstuff.c 
g++ -c -g -Wall -DINLINE -DVANILLA -I.  -DSCHROED_FUN    ../generic/ranmom.c 
g++ -c -g -Wall -DINLINE -DVANILLA -I.  -DSCHROED_FUN    ../generic/reunitarize2.c 
g++ -c -g -Wall -DINLINE -DVANILLA -I.  -DSCHROED_FUN    ../generic_ks/grsource.c
g++ -c -g -Wall -DINLINE -DVANILLA -I.  -DSCHROED_FUN    ../generic_ks/d_congrad5.c
g++ -c -g -Wall -DINLINE -DVANILLA -I.  -DSCHROED_FUN    ../generic_schroed/coupling.c 
g++ -c -g -Wall -DINLINE -DVANILLA -I.  -DSCHROED_FUN    ../generic_schroed/make_schroed_lattice.c 
g++ -c -g -Wall -DINLINE -DVANILLA -I.  -DSCHROED_FUN   update.c
update.c: In function `int update()':
update.c:25: warning: unused variable `float next_cg_time'
update.c:25: warning: unused variable `float old_cg_time'
g++ -c -g -Wall -DINLINE -DVANILLA -I.  -DSCHROED_FUN    ../generic/com_vanilla.c
g++ -c -g -Wall -DINLINE -DVANILLA -I.  -DSCHROED_FUN    ../generic/io_nonansi.c 
g++  -o su3_schr_rmd \
control.o setup.o update_u.o update_h.o f_measure.o gauge_info.o layout_hyper.o check_unitarity.o io_helpers.o io_lat4.o make_lattice.o plaquette4.o d_plaq2.o ranstuff.o ranmom.o reunitarize2.o grsource.o d_congrad5.o coupling.o make_schroed_lattice.o update.o com_vanilla.o io_nonansi.o ../libraries/su3.a ../libraries/complex.a  -lm
make[2]: Leaving directory `/home/dirac/detar/milc/v6/schroed_ks_dyn'
make[1]: Leaving directory `/home/dirac/detar/milc/v6/schroed_ks_dyn'
make[1]: Entering directory `/home/dirac/detar/milc/v6/schroed_ks_dyn'
su3_schr_rmd  < in.sample.su3_schr_rmd > out.test.su3_schr_rmd
../headtail.pl WARMUPS RUNNING < out.test.su3_schr_rmd > out.test.su3_schr_rmd.tmp
../headtail.pl WARMUPS RUNNING < out.sample.su3_schr_rmd > out.sample.su3_schr_rmd.tmp
../diffn.pl out.test.su3_schr_rmd.tmp out.sample.su3_schr_rmd.tmp 1e-5 > \
   out.test.diff.su3_schr_rmd
rm out.test.su3_schr_rmd.tmp out.sample.su3_schr_rmd.tmp
make[1]: Leaving directory `/home/dirac/detar/milc/v6/schroed_ks_dyn'
make[1]: Entering directory `/home/dirac/detar/milc/v6/schroed_ks_dyn'
make -f Make_vanilla target "MYTARGET= su3_schr_phi" \
"DEFINES= -DSCHROED_FUN -DPHI_ALGORITHM" \
"EXTRA_OBJECTS= update.o"
make[2]: Entering directory `/home/dirac/detar/milc/v6/schroed_ks_dyn'
touch .lastmake.humor_irix; /bin/rm -f .lastmake.*
make -f Make_vanilla clean
make[3]: Entering directory `/home/dirac/detar/milc/v6/schroed_ks_dyn'
touch humor_irix.o; /bin/rm -f *.o
make[3]: Leaving directory `/home/dirac/detar/milc/v6/schroed_ks_dyn'
touch .lastmake.Make_vanilla.su3_schr_phi
g++ -c -g -Wall -DINLINE -DVANILLA -I.  -DSCHROED_FUN -DPHI_ALGORITHM   control.c
g++ -c -g -Wall -DINLINE -DVANILLA -I.  -DSCHROED_FUN -DPHI_ALGORITHM   setup.c
setup.c: In function `int readin(int)':
setup.c:101: warning: unused variable `int i'
setup.c: In function `void rephase_sf(int)':
setup.c:233: warning: unused variable `float ddi'
setup.c:233: warning: unused variable `float ddr'
setup.c:233: warning: unused variable `float ethi'
setup.c:233: warning: unused variable `float ethr'
g++ -c -g -Wall -DINLINE -DVANILLA -I.  -DSCHROED_FUN -DPHI_ALGORITHM   update_u.c
g++ -c -g -Wall -DINLINE -DVANILLA -I.  -DSCHROED_FUN -DPHI_ALGORITHM   update_h.c
update_h.c: In function `void gauge_force(float)':
update_h.c:20: warning: unused variable `struct msg_tag * tag4'
update_h.c:20: warning: unused variable `struct msg_tag * tag3'
g++ -c -g -Wall -DINLINE -DVANILLA -I.  -DSCHROED_FUN -DPHI_ALGORITHM   f_measure.c
g++ -c -g -Wall -DINLINE -DVANILLA -I.  -DSCHROED_FUN -DPHI_ALGORITHM   gauge_info.c
g++ -c -g -Wall -DINLINE -DVANILLA -I.  -DSCHROED_FUN -DPHI_ALGORITHM    ../generic/layout_hyper.c 
g++ -c -g -Wall -DINLINE -DVANILLA -I.  -DSCHROED_FUN -DPHI_ALGORITHM    ../generic/check_unitarity.c 
g++ -c -g -Wall -DINLINE -DVANILLA -I.  -DSCHROED_FUN -DPHI_ALGORITHM    ../generic/io_helpers.c 
g++ -c -g -Wall -DINLINE -DVANILLA -I.  -DSCHROED_FUN -DPHI_ALGORITHM    ../generic/io_lat4.c 
g++ -c -g -Wall -DINLINE -DVANILLA -I.  -DSCHROED_FUN -DPHI_ALGORITHM    ../generic/make_lattice.c 
g++ -c -g -Wall -DINLINE -DVANILLA -I.  -DSCHROED_FUN -DPHI_ALGORITHM    ../generic/plaquette4.c 
g++ -c -g -Wall -DINLINE -DVANILLA -I.  -DSCHROED_FUN -DPHI_ALGORITHM    ../generic/d_plaq2.c 
g++ -c -g -Wall -DINLINE -DVANILLA -I.  -DSCHROED_FUN -DPHI_ALGORITHM    ../generic/ranstuff.c 
g++ -c -g -Wall -DINLINE -DVANILLA -I.  -DSCHROED_FUN -DPHI_ALGORITHM    ../generic/ranmom.c 
g++ -c -g -Wall -DINLINE -DVANILLA -I.  -DSCHROED_FUN -DPHI_ALGORITHM    ../generic/reunitarize2.c 
g++ -c -g -Wall -DINLINE -DVANILLA -I.  -DSCHROED_FUN -DPHI_ALGORITHM    ../generic_ks/grsource.c
g++ -c -g -Wall -DINLINE -DVANILLA -I.  -DSCHROED_FUN -DPHI_ALGORITHM    ../generic_ks/d_congrad5.c
g++ -c -g -Wall -DINLINE -DVANILLA -I.  -DSCHROED_FUN -DPHI_ALGORITHM    ../generic_schroed/coupling.c 
g++ -c -g -Wall -DINLINE -DVANILLA -I.  -DSCHROED_FUN -DPHI_ALGORITHM    ../generic_schroed/make_schroed_lattice.c 
g++ -c -g -Wall -DINLINE -DVANILLA -I.  -DSCHROED_FUN -DPHI_ALGORITHM   update.c
g++ -c -g -Wall -DINLINE -DVANILLA -I.  -DSCHROED_FUN -DPHI_ALGORITHM    ../generic/com_vanilla.c
g++ -c -g -Wall -DINLINE -DVANILLA -I.  -DSCHROED_FUN -DPHI_ALGORITHM    ../generic/io_nonansi.c 
g++  -o su3_schr_phi \
control.o setup.o update_u.o update_h.o f_measure.o gauge_info.o layout_hyper.o check_unitarity.o io_helpers.o io_lat4.o make_lattice.o plaquette4.o d_plaq2.o ranstuff.o ranmom.o reunitarize2.o grsource.o d_congrad5.o coupling.o make_schroed_lattice.o update.o com_vanilla.o io_nonansi.o ../libraries/su3.a ../libraries/complex.a  -lm
make[2]: Leaving directory `/home/dirac/detar/milc/v6/schroed_ks_dyn'
make[1]: Leaving directory `/home/dirac/detar/milc/v6/schroed_ks_dyn'
make[1]: Entering directory `/home/dirac/detar/milc/v6/schroed_ks_dyn'
su3_schr_phi  < in.sample.su3_schr_phi > out.test.su3_schr_phi
make[1]: *** No rule to make target `out.sample.su3_schr_phi', needed by `out.test.diff.su3_schr_phi'.  Stop.
make[1]: Leaving directory `/home/dirac/detar/milc/v6/schroed_ks_dyn'
make[1]: Entering directory `/home/dirac/detar/milc/v6/schroed_ks_dyn'
make -f Make_vanilla target "MYTARGET= su3_schr_hmc" \
"DEFINES= -DSCHROED_FUN -DPHI_ALGORITHM -DHMC_ALGORITHM" \
"EXTRA_OBJECTS= d_action.o update.o"
make[2]: Entering directory `/home/dirac/detar/milc/v6/schroed_ks_dyn'
touch .lastmake.humor_irix; /bin/rm -f .lastmake.*
make -f Make_vanilla clean
make[3]: Entering directory `/home/dirac/detar/milc/v6/schroed_ks_dyn'
touch humor_irix.o; /bin/rm -f *.o
make[3]: Leaving directory `/home/dirac/detar/milc/v6/schroed_ks_dyn'
touch .lastmake.Make_vanilla.su3_schr_hmc
g++ -c -g -Wall -DINLINE -DVANILLA -I.  -DSCHROED_FUN -DPHI_ALGORITHM -DHMC_ALGORITHM   control.c
g++ -c -g -Wall -DINLINE -DVANILLA -I.  -DSCHROED_FUN -DPHI_ALGORITHM -DHMC_ALGORITHM   setup.c
setup.c: In function `int readin(int)':
setup.c:101: warning: unused variable `int i'
setup.c: In function `void rephase_sf(int)':
setup.c:233: warning: unused variable `float ddi'
setup.c:233: warning: unused variable `float ddr'
setup.c:233: warning: unused variable `float ethi'
setup.c:233: warning: unused variable `float ethr'
g++ -c -g -Wall -DINLINE -DVANILLA -I.  -DSCHROED_FUN -DPHI_ALGORITHM -DHMC_ALGORITHM   update_u.c
g++ -c -g -Wall -DINLINE -DVANILLA -I.  -DSCHROED_FUN -DPHI_ALGORITHM -DHMC_ALGORITHM   update_h.c
update_h.c: In function `void gauge_force(float)':
update_h.c:20: warning: unused variable `struct msg_tag * tag4'
update_h.c:20: warning: unused variable `struct msg_tag * tag3'
g++ -c -g -Wall -DINLINE -DVANILLA -I.  -DSCHROED_FUN -DPHI_ALGORITHM -DHMC_ALGORITHM   f_measure.c
g++ -c -g -Wall -DINLINE -DVANILLA -I.  -DSCHROED_FUN -DPHI_ALGORITHM -DHMC_ALGORITHM   gauge_info.c
g++ -c -g -Wall -DINLINE -DVANILLA -I.  -DSCHROED_FUN -DPHI_ALGORITHM -DHMC_ALGORITHM    ../generic/layout_hyper.c 
g++ -c -g -Wall -DINLINE -DVANILLA -I.  -DSCHROED_FUN -DPHI_ALGORITHM -DHMC_ALGORITHM    ../generic/check_unitarity.c 
g++ -c -g -Wall -DINLINE -DVANILLA -I.  -DSCHROED_FUN -DPHI_ALGORITHM -DHMC_ALGORITHM    ../generic/io_helpers.c 
g++ -c -g -Wall -DINLINE -DVANILLA -I.  -DSCHROED_FUN -DPHI_ALGORITHM -DHMC_ALGORITHM    ../generic/io_lat4.c 
g++ -c -g -Wall -DINLINE -DVANILLA -I.  -DSCHROED_FUN -DPHI_ALGORITHM -DHMC_ALGORITHM    ../generic/make_lattice.c 
g++ -c -g -Wall -DINLINE -DVANILLA -I.  -DSCHROED_FUN -DPHI_ALGORITHM -DHMC_ALGORITHM    ../generic/plaquette4.c 
g++ -c -g -Wall -DINLINE -DVANILLA -I.  -DSCHROED_FUN -DPHI_ALGORITHM -DHMC_ALGORITHM    ../generic/d_plaq2.c 
g++ -c -g -Wall -DINLINE -DVANILLA -I.  -DSCHROED_FUN -DPHI_ALGORITHM -DHMC_ALGORITHM    ../generic/ranstuff.c 
g++ -c -g -Wall -DINLINE -DVANILLA -I.  -DSCHROED_FUN -DPHI_ALGORITHM -DHMC_ALGORITHM    ../generic/ranmom.c 
g++ -c -g -Wall -DINLINE -DVANILLA -I.  -DSCHROED_FUN -DPHI_ALGORITHM -DHMC_ALGORITHM    ../generic/reunitarize2.c 
g++ -c -g -Wall -DINLINE -DVANILLA -I.  -DSCHROED_FUN -DPHI_ALGORITHM -DHMC_ALGORITHM    ../generic_ks/grsource.c
g++ -c -g -Wall -DINLINE -DVANILLA -I.  -DSCHROED_FUN -DPHI_ALGORITHM -DHMC_ALGORITHM    ../generic_ks/d_congrad5.c
g++ -c -g -Wall -DINLINE -DVANILLA -I.  -DSCHROED_FUN -DPHI_ALGORITHM -DHMC_ALGORITHM    ../generic_schroed/coupling.c 
g++ -c -g -Wall -DINLINE -DVANILLA -I.  -DSCHROED_FUN -DPHI_ALGORITHM -DHMC_ALGORITHM    ../generic_schroed/make_schroed_lattice.c 
g++ -c -g -Wall -DINLINE -DVANILLA -I.  -DSCHROED_FUN -DPHI_ALGORITHM -DHMC_ALGORITHM   d_action.c
g++ -c -g -Wall -DINLINE -DVANILLA -I.  -DSCHROED_FUN -DPHI_ALGORITHM -DHMC_ALGORITHM   update.c
g++ -c -g -Wall -DINLINE -DVANILLA -I.  -DSCHROED_FUN -DPHI_ALGORITHM -DHMC_ALGORITHM    ../generic/com_vanilla.c
g++ -c -g -Wall -DINLINE -DVANILLA -I.  -DSCHROED_FUN -DPHI_ALGORITHM -DHMC_ALGORITHM    ../generic/io_nonansi.c 
g++  -o su3_schr_hmc \
control.o setup.o update_u.o update_h.o f_measure.o gauge_info.o layout_hyper.o check_unitarity.o io_helpers.o io_lat4.o make_lattice.o plaquette4.o d_plaq2.o ranstuff.o ranmom.o reunitarize2.o grsource.o d_congrad5.o coupling.o make_schroed_lattice.o d_action.o update.o com_vanilla.o io_nonansi.o ../libraries/su3.a ../libraries/complex.a  -lm
make[2]: Leaving directory `/home/dirac/detar/milc/v6/schroed_ks_dyn'
make[1]: Leaving directory `/home/dirac/detar/milc/v6/schroed_ks_dyn'
make[1]: Entering directory `/home/dirac/detar/milc/v6/schroed_ks_dyn'
su3_schr_hmc  < in.sample.su3_schr_hmc > out.test.su3_schr_hmc
../headtail.pl WARMUPS RUNNING < out.test.su3_schr_hmc > out.test.su3_schr_hmc.tmp
../headtail.pl WARMUPS RUNNING < out.sample.su3_schr_hmc > out.sample.su3_schr_hmc.tmp
../diffn.pl out.test.su3_schr_hmc.tmp out.sample.su3_schr_hmc.tmp 1e-5 > \
   out.test.diff.su3_schr_hmc
rm out.test.su3_schr_hmc.tmp out.sample.su3_schr_hmc.tmp
make[1]: Leaving directory `/home/dirac/detar/milc/v6/schroed_ks_dyn'
make[1]: Entering directory `/home/dirac/detar/milc/v6/schroed_ks_dyn'
make -f Make_vanilla target "MYTARGET= su3_schr_sw_phi" \
"DEFINES= -DSCHROED_FUN -DPHI_ALGORITHM -DSEXT_WEIN" \
"EXTRA_OBJECTS= update_hgh.o"
make[2]: Entering directory `/home/dirac/detar/milc/v6/schroed_ks_dyn'
touch .lastmake.humor_irix; /bin/rm -f .lastmake.*
make -f Make_vanilla clean
make[3]: Entering directory `/home/dirac/detar/milc/v6/schroed_ks_dyn'
touch humor_irix.o; /bin/rm -f *.o
make[3]: Leaving directory `/home/dirac/detar/milc/v6/schroed_ks_dyn'
touch .lastmake.Make_vanilla.su3_schr_sw_phi
g++ -c -g -Wall -DINLINE -DVANILLA -I.  -DSCHROED_FUN -DPHI_ALGORITHM -DSEXT_WEIN   control.c
g++ -c -g -Wall -DINLINE -DVANILLA -I.  -DSCHROED_FUN -DPHI_ALGORITHM -DSEXT_WEIN   setup.c
setup.c: In function `int readin(int)':
setup.c:101: warning: unused variable `int i'
setup.c: In function `void rephase_sf(int)':
setup.c:233: warning: unused variable `float ddi'
setup.c:233: warning: unused variable `float ddr'
setup.c:233: warning: unused variable `float ethi'
setup.c:233: warning: unused variable `float ethr'
g++ -c -g -Wall -DINLINE -DVANILLA -I.  -DSCHROED_FUN -DPHI_ALGORITHM -DSEXT_WEIN   update_u.c
g++ -c -g -Wall -DINLINE -DVANILLA -I.  -DSCHROED_FUN -DPHI_ALGORITHM -DSEXT_WEIN   update_h.c
update_h.c: In function `void gauge_force(float)':
update_h.c:20: warning: unused variable `struct msg_tag * tag4'
update_h.c:20: warning: unused variable `struct msg_tag * tag3'
g++ -c -g -Wall -DINLINE -DVANILLA -I.  -DSCHROED_FUN -DPHI_ALGORITHM -DSEXT_WEIN   f_measure.c
g++ -c -g -Wall -DINLINE -DVANILLA -I.  -DSCHROED_FUN -DPHI_ALGORITHM -DSEXT_WEIN   gauge_info.c
g++ -c -g -Wall -DINLINE -DVANILLA -I.  -DSCHROED_FUN -DPHI_ALGORITHM -DSEXT_WEIN    ../generic/layout_hyper.c 
g++ -c -g -Wall -DINLINE -DVANILLA -I.  -DSCHROED_FUN -DPHI_ALGORITHM -DSEXT_WEIN    ../generic/check_unitarity.c 
g++ -c -g -Wall -DINLINE -DVANILLA -I.  -DSCHROED_FUN -DPHI_ALGORITHM -DSEXT_WEIN    ../generic/io_helpers.c 
g++ -c -g -Wall -DINLINE -DVANILLA -I.  -DSCHROED_FUN -DPHI_ALGORITHM -DSEXT_WEIN    ../generic/io_lat4.c 
g++ -c -g -Wall -DINLINE -DVANILLA -I.  -DSCHROED_FUN -DPHI_ALGORITHM -DSEXT_WEIN    ../generic/make_lattice.c 
g++ -c -g -Wall -DINLINE -DVANILLA -I.  -DSCHROED_FUN -DPHI_ALGORITHM -DSEXT_WEIN    ../generic/plaquette4.c 
g++ -c -g -Wall -DINLINE -DVANILLA -I.  -DSCHROED_FUN -DPHI_ALGORITHM -DSEXT_WEIN    ../generic/d_plaq2.c 
g++ -c -g -Wall -DINLINE -DVANILLA -I.  -DSCHROED_FUN -DPHI_ALGORITHM -DSEXT_WEIN    ../generic/ranstuff.c 
g++ -c -g -Wall -DINLINE -DVANILLA -I.  -DSCHROED_FUN -DPHI_ALGORITHM -DSEXT_WEIN    ../generic/ranmom.c 
g++ -c -g -Wall -DINLINE -DVANILLA -I.  -DSCHROED_FUN -DPHI_ALGORITHM -DSEXT_WEIN    ../generic/reunitarize2.c 
g++ -c -g -Wall -DINLINE -DVANILLA -I.  -DSCHROED_FUN -DPHI_ALGORITHM -DSEXT_WEIN    ../generic_ks/grsource.c
g++ -c -g -Wall -DINLINE -DVANILLA -I.  -DSCHROED_FUN -DPHI_ALGORITHM -DSEXT_WEIN    ../generic_ks/d_congrad5.c
g++ -c -g -Wall -DINLINE -DVANILLA -I.  -DSCHROED_FUN -DPHI_ALGORITHM -DSEXT_WEIN    ../generic_schroed/coupling.c 
g++ -c -g -Wall -DINLINE -DVANILLA -I.  -DSCHROED_FUN -DPHI_ALGORITHM -DSEXT_WEIN    ../generic_schroed/make_schroed_lattice.c 
g++ -c -g -Wall -DINLINE -DVANILLA -I.  -DSCHROED_FUN -DPHI_ALGORITHM -DSEXT_WEIN   update_hgh.c
g++ -c -g -Wall -DINLINE -DVANILLA -I.  -DSCHROED_FUN -DPHI_ALGORITHM -DSEXT_WEIN    ../generic/com_vanilla.c
g++ -c -g -Wall -DINLINE -DVANILLA -I.  -DSCHROED_FUN -DPHI_ALGORITHM -DSEXT_WEIN    ../generic/io_nonansi.c 
g++  -o su3_schr_sw_phi \
control.o setup.o update_u.o update_h.o f_measure.o gauge_info.o layout_hyper.o check_unitarity.o io_helpers.o io_lat4.o make_lattice.o plaquette4.o d_plaq2.o ranstuff.o ranmom.o reunitarize2.o grsource.o d_congrad5.o coupling.o make_schroed_lattice.o update_hgh.o com_vanilla.o io_nonansi.o ../libraries/su3.a ../libraries/complex.a  -lm
make[2]: Leaving directory `/home/dirac/detar/milc/v6/schroed_ks_dyn'
make[1]: Leaving directory `/home/dirac/detar/milc/v6/schroed_ks_dyn'
make[1]: Entering directory `/home/dirac/detar/milc/v6/schroed_ks_dyn'
su3_schr_sw_phi  < in.sample.su3_schr_sw_phi > out.test.su3_schr_sw_phi
../headtail.pl WARMUPS RUNNING < out.test.su3_schr_sw_phi > out.test.su3_schr_sw_phi.tmp
../headtail.pl WARMUPS RUNNING < out.sample.su3_schr_sw_phi > out.sample.su3_schr_sw_phi.tmp
../diffn.pl out.test.su3_schr_sw_phi.tmp out.sample.su3_schr_sw_phi.tmp 1e-5 > \
   out.test.diff.su3_schr_sw_phi
rm out.test.su3_schr_sw_phi.tmp out.sample.su3_schr_sw_phi.tmp
make[1]: Leaving directory `/home/dirac/detar/milc/v6/schroed_ks_dyn'
make[1]: Entering directory `/home/dirac/detar/milc/v6/schroed_ks_dyn'
make -f Make_vanilla target "MYTARGET= su3_schr_sw_hmc" \
"DEFINES= -DSCHROED_FUN -DPHI_ALGORITHM -DHMC_ALGORITHM -DSEXT_WEIN" \
"EXTRA_OBJECTS= d_action.o update_hgh.o"
make[2]: Entering directory `/home/dirac/detar/milc/v6/schroed_ks_dyn'
touch .lastmake.humor_irix; /bin/rm -f .lastmake.*
make -f Make_vanilla clean
make[3]: Entering directory `/home/dirac/detar/milc/v6/schroed_ks_dyn'
touch humor_irix.o; /bin/rm -f *.o
make[3]: Leaving directory `/home/dirac/detar/milc/v6/schroed_ks_dyn'
touch .lastmake.Make_vanilla.su3_schr_sw_hmc
g++ -c -g -Wall -DINLINE -DVANILLA -I.  -DSCHROED_FUN -DPHI_ALGORITHM -DHMC_ALGORITHM -DSEXT_WEIN   control.c
g++ -c -g -Wall -DINLINE -DVANILLA -I.  -DSCHROED_FUN -DPHI_ALGORITHM -DHMC_ALGORITHM -DSEXT_WEIN   setup.c
setup.c: In function `int readin(int)':
setup.c:101: warning: unused variable `int i'
setup.c: In function `void rephase_sf(int)':
setup.c:233: warning: unused variable `float ddi'
setup.c:233: warning: unused variable `float ddr'
setup.c:233: warning: unused variable `float ethi'
setup.c:233: warning: unused variable `float ethr'
g++ -c -g -Wall -DINLINE -DVANILLA -I.  -DSCHROED_FUN -DPHI_ALGORITHM -DHMC_ALGORITHM -DSEXT_WEIN   update_u.c
g++ -c -g -Wall -DINLINE -DVANILLA -I.  -DSCHROED_FUN -DPHI_ALGORITHM -DHMC_ALGORITHM -DSEXT_WEIN   update_h.c
update_h.c: In function `void gauge_force(float)':
update_h.c:20: warning: unused variable `struct msg_tag * tag4'
update_h.c:20: warning: unused variable `struct msg_tag * tag3'
g++ -c -g -Wall -DINLINE -DVANILLA -I.  -DSCHROED_FUN -DPHI_ALGORITHM -DHMC_ALGORITHM -DSEXT_WEIN   f_measure.c
g++ -c -g -Wall -DINLINE -DVANILLA -I.  -DSCHROED_FUN -DPHI_ALGORITHM -DHMC_ALGORITHM -DSEXT_WEIN   gauge_info.c
g++ -c -g -Wall -DINLINE -DVANILLA -I.  -DSCHROED_FUN -DPHI_ALGORITHM -DHMC_ALGORITHM -DSEXT_WEIN    ../generic/layout_hyper.c 
g++ -c -g -Wall -DINLINE -DVANILLA -I.  -DSCHROED_FUN -DPHI_ALGORITHM -DHMC_ALGORITHM -DSEXT_WEIN    ../generic/check_unitarity.c 
g++ -c -g -Wall -DINLINE -DVANILLA -I.  -DSCHROED_FUN -DPHI_ALGORITHM -DHMC_ALGORITHM -DSEXT_WEIN    ../generic/io_helpers.c 
g++ -c -g -Wall -DINLINE -DVANILLA -I.  -DSCHROED_FUN -DPHI_ALGORITHM -DHMC_ALGORITHM -DSEXT_WEIN    ../generic/io_lat4.c 
g++ -c -g -Wall -DINLINE -DVANILLA -I.  -DSCHROED_FUN -DPHI_ALGORITHM -DHMC_ALGORITHM -DSEXT_WEIN    ../generic/make_lattice.c 
g++ -c -g -Wall -DINLINE -DVANILLA -I.  -DSCHROED_FUN -DPHI_ALGORITHM -DHMC_ALGORITHM -DSEXT_WEIN    ../generic/plaquette4.c 
g++ -c -g -Wall -DINLINE -DVANILLA -I.  -DSCHROED_FUN -DPHI_ALGORITHM -DHMC_ALGORITHM -DSEXT_WEIN    ../generic/d_plaq2.c 
g++ -c -g -Wall -DINLINE -DVANILLA -I.  -DSCHROED_FUN -DPHI_ALGORITHM -DHMC_ALGORITHM -DSEXT_WEIN    ../generic/ranstuff.c 
g++ -c -g -Wall -DINLINE -DVANILLA -I.  -DSCHROED_FUN -DPHI_ALGORITHM -DHMC_ALGORITHM -DSEXT_WEIN    ../generic/ranmom.c 
g++ -c -g -Wall -DINLINE -DVANILLA -I.  -DSCHROED_FUN -DPHI_ALGORITHM -DHMC_ALGORITHM -DSEXT_WEIN    ../generic/reunitarize2.c 
g++ -c -g -Wall -DINLINE -DVANILLA -I.  -DSCHROED_FUN -DPHI_ALGORITHM -DHMC_ALGORITHM -DSEXT_WEIN    ../generic_ks/grsource.c
g++ -c -g -Wall -DINLINE -DVANILLA -I.  -DSCHROED_FUN -DPHI_ALGORITHM -DHMC_ALGORITHM -DSEXT_WEIN    ../generic_ks/d_congrad5.c
g++ -c -g -Wall -DINLINE -DVANILLA -I.  -DSCHROED_FUN -DPHI_ALGORITHM -DHMC_ALGORITHM -DSEXT_WEIN    ../generic_schroed/coupling.c 
g++ -c -g -Wall -DINLINE -DVANILLA -I.  -DSCHROED_FUN -DPHI_ALGORITHM -DHMC_ALGORITHM -DSEXT_WEIN    ../generic_schroed/make_schroed_lattice.c 
g++ -c -g -Wall -DINLINE -DVANILLA -I.  -DSCHROED_FUN -DPHI_ALGORITHM -DHMC_ALGORITHM -DSEXT_WEIN   d_action.c
g++ -c -g -Wall -DINLINE -DVANILLA -I.  -DSCHROED_FUN -DPHI_ALGORITHM -DHMC_ALGORITHM -DSEXT_WEIN   update_hgh.c
g++ -c -g -Wall -DINLINE -DVANILLA -I.  -DSCHROED_FUN -DPHI_ALGORITHM -DHMC_ALGORITHM -DSEXT_WEIN    ../generic/com_vanilla.c
g++ -c -g -Wall -DINLINE -DVANILLA -I.  -DSCHROED_FUN -DPHI_ALGORITHM -DHMC_ALGORITHM -DSEXT_WEIN    ../generic/io_nonansi.c 
g++  -o su3_schr_sw_hmc \
control.o setup.o update_u.o update_h.o f_measure.o gauge_info.o layout_hyper.o check_unitarity.o io_helpers.o io_lat4.o make_lattice.o plaquette4.o d_plaq2.o ranstuff.o ranmom.o reunitarize2.o grsource.o d_congrad5.o coupling.o make_schroed_lattice.o d_action.o update_hgh.o com_vanilla.o io_nonansi.o ../libraries/su3.a ../libraries/complex.a  -lm
make[2]: Leaving directory `/home/dirac/detar/milc/v6/schroed_ks_dyn'
make[1]: Leaving directory `/home/dirac/detar/milc/v6/schroed_ks_dyn'
make[1]: Entering directory `/home/dirac/detar/milc/v6/schroed_ks_dyn'
su3_schr_sw_hmc  < in.sample.su3_schr_sw_hmc > out.test.su3_schr_sw_hmc
../headtail.pl WARMUPS RUNNING < out.test.su3_schr_sw_hmc > out.test.su3_schr_sw_hmc.tmp
../headtail.pl WARMUPS RUNNING < out.sample.su3_schr_sw_hmc > out.sample.su3_schr_sw_hmc.tmp
../diffn.pl out.test.su3_schr_sw_hmc.tmp out.sample.su3_schr_sw_hmc.tmp 1e-5 > \
   out.test.diff.su3_schr_sw_hmc
rm out.test.su3_schr_sw_hmc.tmp out.sample.su3_schr_sw_hmc.tmp
make[1]: Leaving directory `/home/dirac/detar/milc/v6/schroed_ks_dyn'
make[1]: Entering directory `/home/dirac/detar/milc/v6/schroed_ks_dyn'
make -f Make_vanilla target "MYTARGET= su3_schr_rmd_ph" \
"DEFINES= -DSCHROED_FUN -DFERM_PHASES" \
"EXTRA_OBJECTS= update.o"
make[2]: Entering directory `/home/dirac/detar/milc/v6/schroed_ks_dyn'
touch .lastmake.humor_irix; /bin/rm -f .lastmake.*
make -f Make_vanilla clean
make[3]: Entering directory `/home/dirac/detar/milc/v6/schroed_ks_dyn'
touch humor_irix.o; /bin/rm -f *.o
make[3]: Leaving directory `/home/dirac/detar/milc/v6/schroed_ks_dyn'
touch .lastmake.Make_vanilla.su3_schr_rmd_ph
g++ -c -g -Wall -DINLINE -DVANILLA -I.  -DSCHROED_FUN -DFERM_PHASES   control.c
g++ -c -g -Wall -DINLINE -DVANILLA -I.  -DSCHROED_FUN -DFERM_PHASES   setup.c
g++ -c -g -Wall -DINLINE -DVANILLA -I.  -DSCHROED_FUN -DFERM_PHASES   update_u.c
g++ -c -g -Wall -DINLINE -DVANILLA -I.  -DSCHROED_FUN -DFERM_PHASES   update_h.c
update_h.c: In function `void gauge_force(float)':
update_h.c:20: warning: unused variable `struct msg_tag * tag4'
update_h.c:20: warning: unused variable `struct msg_tag * tag3'
g++ -c -g -Wall -DINLINE -DVANILLA -I.  -DSCHROED_FUN -DFERM_PHASES   f_measure.c
g++ -c -g -Wall -DINLINE -DVANILLA -I.  -DSCHROED_FUN -DFERM_PHASES   gauge_info.c
g++ -c -g -Wall -DINLINE -DVANILLA -I.  -DSCHROED_FUN -DFERM_PHASES    ../generic/layout_hyper.c 
g++ -c -g -Wall -DINLINE -DVANILLA -I.  -DSCHROED_FUN -DFERM_PHASES    ../generic/check_unitarity.c 
g++ -c -g -Wall -DINLINE -DVANILLA -I.  -DSCHROED_FUN -DFERM_PHASES    ../generic/io_helpers.c 
g++ -c -g -Wall -DINLINE -DVANILLA -I.  -DSCHROED_FUN -DFERM_PHASES    ../generic/io_lat4.c 
g++ -c -g -Wall -DINLINE -DVANILLA -I.  -DSCHROED_FUN -DFERM_PHASES    ../generic/make_lattice.c 
g++ -c -g -Wall -DINLINE -DVANILLA -I.  -DSCHROED_FUN -DFERM_PHASES    ../generic/plaquette4.c 
g++ -c -g -Wall -DINLINE -DVANILLA -I.  -DSCHROED_FUN -DFERM_PHASES    ../generic/d_plaq2.c 
g++ -c -g -Wall -DINLINE -DVANILLA -I.  -DSCHROED_FUN -DFERM_PHASES    ../generic/ranstuff.c 
g++ -c -g -Wall -DINLINE -DVANILLA -I.  -DSCHROED_FUN -DFERM_PHASES    ../generic/ranmom.c 
g++ -c -g -Wall -DINLINE -DVANILLA -I.  -DSCHROED_FUN -DFERM_PHASES    ../generic/reunitarize2.c 
g++ -c -g -Wall -DINLINE -DVANILLA -I.  -DSCHROED_FUN -DFERM_PHASES    ../generic_ks/grsource.c
g++ -c -g -Wall -DINLINE -DVANILLA -I.  -DSCHROED_FUN -DFERM_PHASES    ../generic_ks/d_congrad5.c
g++ -c -g -Wall -DINLINE -DVANILLA -I.  -DSCHROED_FUN -DFERM_PHASES    ../generic_schroed/coupling.c 
g++ -c -g -Wall -DINLINE -DVANILLA -I.  -DSCHROED_FUN -DFERM_PHASES    ../generic_schroed/make_schroed_lattice.c 
g++ -c -g -Wall -DINLINE -DVANILLA -I.  -DSCHROED_FUN -DFERM_PHASES   update.c
update.c: In function `int update()':
update.c:25: warning: unused variable `float next_cg_time'
update.c:25: warning: unused variable `float old_cg_time'
g++ -c -g -Wall -DINLINE -DVANILLA -I.  -DSCHROED_FUN -DFERM_PHASES    ../generic/com_vanilla.c
g++ -c -g -Wall -DINLINE -DVANILLA -I.  -DSCHROED_FUN -DFERM_PHASES    ../generic/io_nonansi.c 
g++  -o su3_schr_rmd_ph \
control.o setup.o update_u.o update_h.o f_measure.o gauge_info.o layout_hyper.o check_unitarity.o io_helpers.o io_lat4.o make_lattice.o plaquette4.o d_plaq2.o ranstuff.o ranmom.o reunitarize2.o grsource.o d_congrad5.o coupling.o make_schroed_lattice.o update.o com_vanilla.o io_nonansi.o ../libraries/su3.a ../libraries/complex.a  -lm
make[2]: Leaving directory `/home/dirac/detar/milc/v6/schroed_ks_dyn'
make[1]: Leaving directory `/home/dirac/detar/milc/v6/schroed_ks_dyn'
make[1]: Entering directory `/home/dirac/detar/milc/v6/schroed_ks_dyn'
su3_schr_rmd_ph  < in.sample.su3_schr_rmd_ph > out.test.su3_schr_rmd_ph
../headtail.pl WARMUPS RUNNING < out.test.su3_schr_rmd_ph > out.test.su3_schr_rmd_ph.tmp
../headtail.pl WARMUPS RUNNING < out.sample.su3_schr_rmd_ph > out.sample.su3_schr_rmd_ph.tmp
../diffn.pl out.test.su3_schr_rmd_ph.tmp out.sample.su3_schr_rmd_ph.tmp 1e-5 > \
   out.test.diff.su3_schr_rmd_ph
rm out.test.su3_schr_rmd_ph.tmp out.sample.su3_schr_rmd_ph.tmp
make[1]: Leaving directory `/home/dirac/detar/milc/v6/schroed_ks_dyn'
make[1]: Entering directory `/home/dirac/detar/milc/v6/schroed_ks_dyn'
make -f Make_vanilla target "MYTARGET= su3_schr_phi_ph" \
"DEFINES= -DSCHROED_FUN -DFERM_PHASES -DPHI_ALGORITHM" \
"EXTRA_OBJECTS= update.o"
make[2]: Entering directory `/home/dirac/detar/milc/v6/schroed_ks_dyn'
touch .lastmake.humor_irix; /bin/rm -f .lastmake.*
make -f Make_vanilla clean
make[3]: Entering directory `/home/dirac/detar/milc/v6/schroed_ks_dyn'
touch humor_irix.o; /bin/rm -f *.o
make[3]: Leaving directory `/home/dirac/detar/milc/v6/schroed_ks_dyn'
touch .lastmake.Make_vanilla.su3_schr_phi_ph
g++ -c -g -Wall -DINLINE -DVANILLA -I.  -DSCHROED_FUN -DFERM_PHASES -DPHI_ALGORITHM   control.c
g++ -c -g -Wall -DINLINE -DVANILLA -I.  -DSCHROED_FUN -DFERM_PHASES -DPHI_ALGORITHM   setup.c
g++ -c -g -Wall -DINLINE -DVANILLA -I.  -DSCHROED_FUN -DFERM_PHASES -DPHI_ALGORITHM   update_u.c
g++ -c -g -Wall -DINLINE -DVANILLA -I.  -DSCHROED_FUN -DFERM_PHASES -DPHI_ALGORITHM   update_h.c
update_h.c: In function `void gauge_force(float)':
update_h.c:20: warning: unused variable `struct msg_tag * tag4'
update_h.c:20: warning: unused variable `struct msg_tag * tag3'
g++ -c -g -Wall -DINLINE -DVANILLA -I.  -DSCHROED_FUN -DFERM_PHASES -DPHI_ALGORITHM   f_measure.c
g++ -c -g -Wall -DINLINE -DVANILLA -I.  -DSCHROED_FUN -DFERM_PHASES -DPHI_ALGORITHM   gauge_info.c
g++ -c -g -Wall -DINLINE -DVANILLA -I.  -DSCHROED_FUN -DFERM_PHASES -DPHI_ALGORITHM    ../generic/layout_hyper.c 
g++ -c -g -Wall -DINLINE -DVANILLA -I.  -DSCHROED_FUN -DFERM_PHASES -DPHI_ALGORITHM    ../generic/check_unitarity.c 
g++ -c -g -Wall -DINLINE -DVANILLA -I.  -DSCHROED_FUN -DFERM_PHASES -DPHI_ALGORITHM    ../generic/io_helpers.c 
g++ -c -g -Wall -DINLINE -DVANILLA -I.  -DSCHROED_FUN -DFERM_PHASES -DPHI_ALGORITHM    ../generic/io_lat4.c 
g++ -c -g -Wall -DINLINE -DVANILLA -I.  -DSCHROED_FUN -DFERM_PHASES -DPHI_ALGORITHM    ../generic/make_lattice.c 
g++ -c -g -Wall -DINLINE -DVANILLA -I.  -DSCHROED_FUN -DFERM_PHASES -DPHI_ALGORITHM    ../generic/plaquette4.c 
g++ -c -g -Wall -DINLINE -DVANILLA -I.  -DSCHROED_FUN -DFERM_PHASES -DPHI_ALGORITHM    ../generic/d_plaq2.c 
g++ -c -g -Wall -DINLINE -DVANILLA -I.  -DSCHROED_FUN -DFERM_PHASES -DPHI_ALGORITHM    ../generic/ranstuff.c 
g++ -c -g -Wall -DINLINE -DVANILLA -I.  -DSCHROED_FUN -DFERM_PHASES -DPHI_ALGORITHM    ../generic/ranmom.c 
g++ -c -g -Wall -DINLINE -DVANILLA -I.  -DSCHROED_FUN -DFERM_PHASES -DPHI_ALGORITHM    ../generic/reunitarize2.c 
g++ -c -g -Wall -DINLINE -DVANILLA -I.  -DSCHROED_FUN -DFERM_PHASES -DPHI_ALGORITHM    ../generic_ks/grsource.c
g++ -c -g -Wall -DINLINE -DVANILLA -I.  -DSCHROED_FUN -DFERM_PHASES -DPHI_ALGORITHM    ../generic_ks/d_congrad5.c
g++ -c -g -Wall -DINLINE -DVANILLA -I.  -DSCHROED_FUN -DFERM_PHASES -DPHI_ALGORITHM    ../generic_schroed/coupling.c 
g++ -c -g -Wall -DINLINE -DVANILLA -I.  -DSCHROED_FUN -DFERM_PHASES -DPHI_ALGORITHM    ../generic_schroed/make_schroed_lattice.c 
g++ -c -g -Wall -DINLINE -DVANILLA -I.  -DSCHROED_FUN -DFERM_PHASES -DPHI_ALGORITHM   update.c
g++ -c -g -Wall -DINLINE -DVANILLA -I.  -DSCHROED_FUN -DFERM_PHASES -DPHI_ALGORITHM    ../generic/com_vanilla.c
g++ -c -g -Wall -DINLINE -DVANILLA -I.  -DSCHROED_FUN -DFERM_PHASES -DPHI_ALGORITHM    ../generic/io_nonansi.c 
g++  -o su3_schr_phi_ph \
control.o setup.o update_u.o update_h.o f_measure.o gauge_info.o layout_hyper.o check_unitarity.o io_helpers.o io_lat4.o make_lattice.o plaquette4.o d_plaq2.o ranstuff.o ranmom.o reunitarize2.o grsource.o d_congrad5.o coupling.o make_schroed_lattice.o update.o com_vanilla.o io_nonansi.o ../libraries/su3.a ../libraries/complex.a  -lm
make[2]: Leaving directory `/home/dirac/detar/milc/v6/schroed_ks_dyn'
make[1]: Leaving directory `/home/dirac/detar/milc/v6/schroed_ks_dyn'
make[1]: Entering directory `/home/dirac/detar/milc/v6/schroed_ks_dyn'
su3_schr_phi_ph  < in.sample.su3_schr_phi_ph > out.test.su3_schr_phi_ph
../headtail.pl WARMUPS RUNNING < out.test.su3_schr_phi_ph > out.test.su3_schr_phi_ph.tmp
../headtail.pl WARMUPS RUNNING < out.sample.su3_schr_phi_ph > out.sample.su3_schr_phi_ph.tmp
../diffn.pl out.test.su3_schr_phi_ph.tmp out.sample.su3_schr_phi_ph.tmp 1e-5 > \
   out.test.diff.su3_schr_phi_ph
rm out.test.su3_schr_phi_ph.tmp out.sample.su3_schr_phi_ph.tmp
make[1]: Leaving directory `/home/dirac/detar/milc/v6/schroed_ks_dyn'
make[1]: Entering directory `/home/dirac/detar/milc/v6/schroed_ks_dyn'
make -f Make_vanilla target "MYTARGET= su3_schr_hmc_ph" \
"DEFINES= -DSCHROED_FUN -DFERM_PHASES -DPHI_ALGORITHM -DHMC_ALGORITHM" \
"EXTRA_OBJECTS= d_action.o update.o"
make[2]: Entering directory `/home/dirac/detar/milc/v6/schroed_ks_dyn'
touch .lastmake.humor_irix; /bin/rm -f .lastmake.*
make -f Make_vanilla clean
make[3]: Entering directory `/home/dirac/detar/milc/v6/schroed_ks_dyn'
touch humor_irix.o; /bin/rm -f *.o
make[3]: Leaving directory `/home/dirac/detar/milc/v6/schroed_ks_dyn'
touch .lastmake.Make_vanilla.su3_schr_hmc_ph
g++ -c -g -Wall -DINLINE -DVANILLA -I.  -DSCHROED_FUN -DFERM_PHASES -DPHI_ALGORITHM -DHMC_ALGORITHM   control.c
g++ -c -g -Wall -DINLINE -DVANILLA -I.  -DSCHROED_FUN -DFERM_PHASES -DPHI_ALGORITHM -DHMC_ALGORITHM   setup.c
g++ -c -g -Wall -DINLINE -DVANILLA -I.  -DSCHROED_FUN -DFERM_PHASES -DPHI_ALGORITHM -DHMC_ALGORITHM   update_u.c
g++ -c -g -Wall -DINLINE -DVANILLA -I.  -DSCHROED_FUN -DFERM_PHASES -DPHI_ALGORITHM -DHMC_ALGORITHM   update_h.c
update_h.c: In function `void gauge_force(float)':
update_h.c:20: warning: unused variable `struct msg_tag * tag4'
update_h.c:20: warning: unused variable `struct msg_tag * tag3'
g++ -c -g -Wall -DINLINE -DVANILLA -I.  -DSCHROED_FUN -DFERM_PHASES -DPHI_ALGORITHM -DHMC_ALGORITHM   f_measure.c
g++ -c -g -Wall -DINLINE -DVANILLA -I.  -DSCHROED_FUN -DFERM_PHASES -DPHI_ALGORITHM -DHMC_ALGORITHM   gauge_info.c
g++ -c -g -Wall -DINLINE -DVANILLA -I.  -DSCHROED_FUN -DFERM_PHASES -DPHI_ALGORITHM -DHMC_ALGORITHM    ../generic/layout_hyper.c 
g++ -c -g -Wall -DINLINE -DVANILLA -I.  -DSCHROED_FUN -DFERM_PHASES -DPHI_ALGORITHM -DHMC_ALGORITHM    ../generic/check_unitarity.c 
g++ -c -g -Wall -DINLINE -DVANILLA -I.  -DSCHROED_FUN -DFERM_PHASES -DPHI_ALGORITHM -DHMC_ALGORITHM    ../generic/io_helpers.c 
g++ -c -g -Wall -DINLINE -DVANILLA -I.  -DSCHROED_FUN -DFERM_PHASES -DPHI_ALGORITHM -DHMC_ALGORITHM    ../generic/io_lat4.c 
g++ -c -g -Wall -DINLINE -DVANILLA -I.  -DSCHROED_FUN -DFERM_PHASES -DPHI_ALGORITHM -DHMC_ALGORITHM    ../generic/make_lattice.c 
g++ -c -g -Wall -DINLINE -DVANILLA -I.  -DSCHROED_FUN -DFERM_PHASES -DPHI_ALGORITHM -DHMC_ALGORITHM    ../generic/plaquette4.c 
g++ -c -g -Wall -DINLINE -DVANILLA -I.  -DSCHROED_FUN -DFERM_PHASES -DPHI_ALGORITHM -DHMC_ALGORITHM    ../generic/d_plaq2.c 
g++ -c -g -Wall -DINLINE -DVANILLA -I.  -DSCHROED_FUN -DFERM_PHASES -DPHI_ALGORITHM -DHMC_ALGORITHM    ../generic/ranstuff.c 
g++ -c -g -Wall -DINLINE -DVANILLA -I.  -DSCHROED_FUN -DFERM_PHASES -DPHI_ALGORITHM -DHMC_ALGORITHM    ../generic/ranmom.c 
g++ -c -g -Wall -DINLINE -DVANILLA -I.  -DSCHROED_FUN -DFERM_PHASES -DPHI_ALGORITHM -DHMC_ALGORITHM    ../generic/reunitarize2.c 
g++ -c -g -Wall -DINLINE -DVANILLA -I.  -DSCHROED_FUN -DFERM_PHASES -DPHI_ALGORITHM -DHMC_ALGORITHM    ../generic_ks/grsource.c
g++ -c -g -Wall -DINLINE -DVANILLA -I.  -DSCHROED_FUN -DFERM_PHASES -DPHI_ALGORITHM -DHMC_ALGORITHM    ../generic_ks/d_congrad5.c
g++ -c -g -Wall -DINLINE -DVANILLA -I.  -DSCHROED_FUN -DFERM_PHASES -DPHI_ALGORITHM -DHMC_ALGORITHM    ../generic_schroed/coupling.c 
g++ -c -g -Wall -DINLINE -DVANILLA -I.  -DSCHROED_FUN -DFERM_PHASES -DPHI_ALGORITHM -DHMC_ALGORITHM    ../generic_schroed/make_schroed_lattice.c 
g++ -c -g -Wall -DINLINE -DVANILLA -I.  -DSCHROED_FUN -DFERM_PHASES -DPHI_ALGORITHM -DHMC_ALGORITHM   d_action.c
g++ -c -g -Wall -DINLINE -DVANILLA -I.  -DSCHROED_FUN -DFERM_PHASES -DPHI_ALGORITHM -DHMC_ALGORITHM   update.c
g++ -c -g -Wall -DINLINE -DVANILLA -I.  -DSCHROED_FUN -DFERM_PHASES -DPHI_ALGORITHM -DHMC_ALGORITHM    ../generic/com_vanilla.c
g++ -c -g -Wall -DINLINE -DVANILLA -I.  -DSCHROED_FUN -DFERM_PHASES -DPHI_ALGORITHM -DHMC_ALGORITHM    ../generic/io_nonansi.c 
g++  -o su3_schr_hmc_ph \
control.o setup.o update_u.o update_h.o f_measure.o gauge_info.o layout_hyper.o check_unitarity.o io_helpers.o io_lat4.o make_lattice.o plaquette4.o d_plaq2.o ranstuff.o ranmom.o reunitarize2.o grsource.o d_congrad5.o coupling.o make_schroed_lattice.o d_action.o update.o com_vanilla.o io_nonansi.o ../libraries/su3.a ../libraries/complex.a  -lm
make[2]: Leaving directory `/home/dirac/detar/milc/v6/schroed_ks_dyn'
make[1]: Leaving directory `/home/dirac/detar/milc/v6/schroed_ks_dyn'
make[1]: Entering directory `/home/dirac/detar/milc/v6/schroed_ks_dyn'
su3_schr_hmc_ph  < in.sample.su3_schr_hmc_ph > out.test.su3_schr_hmc_ph
../headtail.pl WARMUPS RUNNING < out.test.su3_schr_hmc_ph > out.test.su3_schr_hmc_ph.tmp
../headtail.pl WARMUPS RUNNING < out.sample.su3_schr_hmc_ph > out.sample.su3_schr_hmc_ph.tmp
../diffn.pl out.test.su3_schr_hmc_ph.tmp out.sample.su3_schr_hmc_ph.tmp 1e-5 > \
   out.test.diff.su3_schr_hmc_ph
rm out.test.su3_schr_hmc_ph.tmp out.sample.su3_schr_hmc_ph.tmp
make[1]: Leaving directory `/home/dirac/detar/milc/v6/schroed_ks_dyn'
make[1]: Entering directory `/home/dirac/detar/milc/v6/schroed_ks_dyn'
make -f Make_vanilla target "MYTARGET= su3_schr_rw_rmd" \
"DEFINES= -DSCHROED_FUN -DREWEIGH" \
"EXTRA_OBJECTS= update.o"
make[2]: Entering directory `/home/dirac/detar/milc/v6/schroed_ks_dyn'
touch .lastmake.humor_irix; /bin/rm -f .lastmake.*
make -f Make_vanilla clean
make[3]: Entering directory `/home/dirac/detar/milc/v6/schroed_ks_dyn'
touch humor_irix.o; /bin/rm -f *.o
make[3]: Leaving directory `/home/dirac/detar/milc/v6/schroed_ks_dyn'
touch .lastmake.Make_vanilla.su3_schr_rw_rmd
g++ -c -g -Wall -DINLINE -DVANILLA -I.  -DSCHROED_FUN -DREWEIGH   control.c
g++ -c -g -Wall -DINLINE -DVANILLA -I.  -DSCHROED_FUN -DREWEIGH   setup.c
setup.c: In function `int readin(int)':
setup.c:101: warning: unused variable `int i'
setup.c: In function `void rephase_sf(int)':
setup.c:233: warning: unused variable `float ddi'
setup.c:233: warning: unused variable `float ddr'
setup.c:233: warning: unused variable `float ethi'
setup.c:233: warning: unused variable `float ethr'
g++ -c -g -Wall -DINLINE -DVANILLA -I.  -DSCHROED_FUN -DREWEIGH   update_u.c
g++ -c -g -Wall -DINLINE -DVANILLA -I.  -DSCHROED_FUN -DREWEIGH   update_h.c
g++ -c -g -Wall -DINLINE -DVANILLA -I.  -DSCHROED_FUN -DREWEIGH   f_measure.c
g++ -c -g -Wall -DINLINE -DVANILLA -I.  -DSCHROED_FUN -DREWEIGH   gauge_info.c
g++ -c -g -Wall -DINLINE -DVANILLA -I.  -DSCHROED_FUN -DREWEIGH    ../generic/layout_hyper.c 
g++ -c -g -Wall -DINLINE -DVANILLA -I.  -DSCHROED_FUN -DREWEIGH    ../generic/check_unitarity.c 
g++ -c -g -Wall -DINLINE -DVANILLA -I.  -DSCHROED_FUN -DREWEIGH    ../generic/io_helpers.c 
g++ -c -g -Wall -DINLINE -DVANILLA -I.  -DSCHROED_FUN -DREWEIGH    ../generic/io_lat4.c 
g++ -c -g -Wall -DINLINE -DVANILLA -I.  -DSCHROED_FUN -DREWEIGH    ../generic/make_lattice.c 
g++ -c -g -Wall -DINLINE -DVANILLA -I.  -DSCHROED_FUN -DREWEIGH    ../generic/plaquette4.c 
g++ -c -g -Wall -DINLINE -DVANILLA -I.  -DSCHROED_FUN -DREWEIGH    ../generic/d_plaq2.c 
g++ -c -g -Wall -DINLINE -DVANILLA -I.  -DSCHROED_FUN -DREWEIGH    ../generic/ranstuff.c 
g++ -c -g -Wall -DINLINE -DVANILLA -I.  -DSCHROED_FUN -DREWEIGH    ../generic/ranmom.c 
g++ -c -g -Wall -DINLINE -DVANILLA -I.  -DSCHROED_FUN -DREWEIGH    ../generic/reunitarize2.c 
g++ -c -g -Wall -DINLINE -DVANILLA -I.  -DSCHROED_FUN -DREWEIGH    ../generic_ks/grsource.c
g++ -c -g -Wall -DINLINE -DVANILLA -I.  -DSCHROED_FUN -DREWEIGH    ../generic_ks/d_congrad5.c
g++ -c -g -Wall -DINLINE -DVANILLA -I.  -DSCHROED_FUN -DREWEIGH    ../generic_schroed/coupling.c 
g++ -c -g -Wall -DINLINE -DVANILLA -I.  -DSCHROED_FUN -DREWEIGH    ../generic_schroed/make_schroed_lattice.c 
g++ -c -g -Wall -DINLINE -DVANILLA -I.  -DSCHROED_FUN -DREWEIGH   update.c
update.c: In function `int update()':
update.c:25: warning: unused variable `float next_cg_time'
update.c:25: warning: unused variable `float old_cg_time'
g++ -c -g -Wall -DINLINE -DVANILLA -I.  -DSCHROED_FUN -DREWEIGH    ../generic/com_vanilla.c
g++ -c -g -Wall -DINLINE -DVANILLA -I.  -DSCHROED_FUN -DREWEIGH    ../generic/io_nonansi.c 
g++  -o su3_schr_rw_rmd \
control.o setup.o update_u.o update_h.o f_measure.o gauge_info.o layout_hyper.o check_unitarity.o io_helpers.o io_lat4.o make_lattice.o plaquette4.o d_plaq2.o ranstuff.o ranmom.o reunitarize2.o grsource.o d_congrad5.o coupling.o make_schroed_lattice.o update.o com_vanilla.o io_nonansi.o ../libraries/su3.a ../libraries/complex.a  -lm
make[2]: Leaving directory `/home/dirac/detar/milc/v6/schroed_ks_dyn'
make[1]: Leaving directory `/home/dirac/detar/milc/v6/schroed_ks_dyn'
make[1]: Entering directory `/home/dirac/detar/milc/v6/schroed_ks_dyn'
su3_schr_rw_rmd  < in.sample.su3_schr_rw_rmd > out.test.su3_schr_rw_rmd
../headtail.pl WARMUPS RUNNING < out.test.su3_schr_rw_rmd > out.test.su3_schr_rw_rmd.tmp
../headtail.pl WARMUPS RUNNING < out.sample.su3_schr_rw_rmd > out.sample.su3_schr_rw_rmd.tmp
../diffn.pl out.test.su3_schr_rw_rmd.tmp out.sample.su3_schr_rw_rmd.tmp 1e-5 > \
   out.test.diff.su3_schr_rw_rmd
rm out.test.su3_schr_rw_rmd.tmp out.sample.su3_schr_rw_rmd.tmp
make[1]: Leaving directory `/home/dirac/detar/milc/v6/schroed_ks_dyn'
make[1]: Entering directory `/home/dirac/detar/milc/v6/schroed_ks_dyn'
make -f Make_vanilla target "MYTARGET= su3_schr_rw_phi" \
"DEFINES= -DSCHROED_FUN -DREWEIGH -DPHI_ALGORITHM" \
"EXTRA_OBJECTS= update.o"
make[2]: Entering directory `/home/dirac/detar/milc/v6/schroed_ks_dyn'
touch .lastmake.humor_irix; /bin/rm -f .lastmake.*
make -f Make_vanilla clean
make[3]: Entering directory `/home/dirac/detar/milc/v6/schroed_ks_dyn'
touch humor_irix.o; /bin/rm -f *.o
make[3]: Leaving directory `/home/dirac/detar/milc/v6/schroed_ks_dyn'
touch .lastmake.Make_vanilla.su3_schr_rw_phi
g++ -c -g -Wall -DINLINE -DVANILLA -I.  -DSCHROED_FUN -DREWEIGH -DPHI_ALGORITHM   control.c
g++ -c -g -Wall -DINLINE -DVANILLA -I.  -DSCHROED_FUN -DREWEIGH -DPHI_ALGORITHM   setup.c
setup.c: In function `int readin(int)':
setup.c:101: warning: unused variable `int i'
setup.c: In function `void rephase_sf(int)':
setup.c:233: warning: unused variable `float ddi'
setup.c:233: warning: unused variable `float ddr'
setup.c:233: warning: unused variable `float ethi'
setup.c:233: warning: unused variable `float ethr'
g++ -c -g -Wall -DINLINE -DVANILLA -I.  -DSCHROED_FUN -DREWEIGH -DPHI_ALGORITHM   update_u.c
g++ -c -g -Wall -DINLINE -DVANILLA -I.  -DSCHROED_FUN -DREWEIGH -DPHI_ALGORITHM   update_h.c
g++ -c -g -Wall -DINLINE -DVANILLA -I.  -DSCHROED_FUN -DREWEIGH -DPHI_ALGORITHM   f_measure.c
g++ -c -g -Wall -DINLINE -DVANILLA -I.  -DSCHROED_FUN -DREWEIGH -DPHI_ALGORITHM   gauge_info.c
g++ -c -g -Wall -DINLINE -DVANILLA -I.  -DSCHROED_FUN -DREWEIGH -DPHI_ALGORITHM    ../generic/layout_hyper.c 
g++ -c -g -Wall -DINLINE -DVANILLA -I.  -DSCHROED_FUN -DREWEIGH -DPHI_ALGORITHM    ../generic/check_unitarity.c 
g++ -c -g -Wall -DINLINE -DVANILLA -I.  -DSCHROED_FUN -DREWEIGH -DPHI_ALGORITHM    ../generic/io_helpers.c 
g++ -c -g -Wall -DINLINE -DVANILLA -I.  -DSCHROED_FUN -DREWEIGH -DPHI_ALGORITHM    ../generic/io_lat4.c 
g++ -c -g -Wall -DINLINE -DVANILLA -I.  -DSCHROED_FUN -DREWEIGH -DPHI_ALGORITHM    ../generic/make_lattice.c 
g++ -c -g -Wall -DINLINE -DVANILLA -I.  -DSCHROED_FUN -DREWEIGH -DPHI_ALGORITHM    ../generic/plaquette4.c 
g++ -c -g -Wall -DINLINE -DVANILLA -I.  -DSCHROED_FUN -DREWEIGH -DPHI_ALGORITHM    ../generic/d_plaq2.c 
g++ -c -g -Wall -DINLINE -DVANILLA -I.  -DSCHROED_FUN -DREWEIGH -DPHI_ALGORITHM    ../generic/ranstuff.c 
g++ -c -g -Wall -DINLINE -DVANILLA -I.  -DSCHROED_FUN -DREWEIGH -DPHI_ALGORITHM    ../generic/ranmom.c 
g++ -c -g -Wall -DINLINE -DVANILLA -I.  -DSCHROED_FUN -DREWEIGH -DPHI_ALGORITHM    ../generic/reunitarize2.c 
g++ -c -g -Wall -DINLINE -DVANILLA -I.  -DSCHROED_FUN -DREWEIGH -DPHI_ALGORITHM    ../generic_ks/grsource.c
g++ -c -g -Wall -DINLINE -DVANILLA -I.  -DSCHROED_FUN -DREWEIGH -DPHI_ALGORITHM    ../generic_ks/d_congrad5.c
g++ -c -g -Wall -DINLINE -DVANILLA -I.  -DSCHROED_FUN -DREWEIGH -DPHI_ALGORITHM    ../generic_schroed/coupling.c 
g++ -c -g -Wall -DINLINE -DVANILLA -I.  -DSCHROED_FUN -DREWEIGH -DPHI_ALGORITHM    ../generic_schroed/make_schroed_lattice.c 
g++ -c -g -Wall -DINLINE -DVANILLA -I.  -DSCHROED_FUN -DREWEIGH -DPHI_ALGORITHM   update.c
g++ -c -g -Wall -DINLINE -DVANILLA -I.  -DSCHROED_FUN -DREWEIGH -DPHI_ALGORITHM    ../generic/com_vanilla.c
g++ -c -g -Wall -DINLINE -DVANILLA -I.  -DSCHROED_FUN -DREWEIGH -DPHI_ALGORITHM    ../generic/io_nonansi.c 
g++  -o su3_schr_rw_phi \
control.o setup.o update_u.o update_h.o f_measure.o gauge_info.o layout_hyper.o check_unitarity.o io_helpers.o io_lat4.o make_lattice.o plaquette4.o d_plaq2.o ranstuff.o ranmom.o reunitarize2.o grsource.o d_congrad5.o coupling.o make_schroed_lattice.o update.o com_vanilla.o io_nonansi.o ../libraries/su3.a ../libraries/complex.a  -lm
make[2]: Leaving directory `/home/dirac/detar/milc/v6/schroed_ks_dyn'
make[1]: Leaving directory `/home/dirac/detar/milc/v6/schroed_ks_dyn'
make[1]: Entering directory `/home/dirac/detar/milc/v6/schroed_ks_dyn'
su3_schr_rw_phi  < in.sample.su3_schr_rw_phi > out.test.su3_schr_rw_phi
../headtail.pl WARMUPS RUNNING < out.test.su3_schr_rw_phi > out.test.su3_schr_rw_phi.tmp
../headtail.pl WARMUPS RUNNING < out.sample.su3_schr_rw_phi > out.sample.su3_schr_rw_phi.tmp
../diffn.pl out.test.su3_schr_rw_phi.tmp out.sample.su3_schr_rw_phi.tmp 1e-5 > \
   out.test.diff.su3_schr_rw_phi
rm out.test.su3_schr_rw_phi.tmp out.sample.su3_schr_rw_phi.tmp
make[1]: Leaving directory `/home/dirac/detar/milc/v6/schroed_ks_dyn'
make[1]: Entering directory `/home/dirac/detar/milc/v6/schroed_ks_dyn'
make -f Make_vanilla target "MYTARGET= su3_schr_rw_hmc" \
"DEFINES= -DSCHROED_FUN -DREWEIGH -DPHI_ALGORITHM -DHMC_ALGORITHM" \
"EXTRA_OBJECTS= d_action.o update.o"
make[2]: Entering directory `/home/dirac/detar/milc/v6/schroed_ks_dyn'
touch .lastmake.humor_irix; /bin/rm -f .lastmake.*
make -f Make_vanilla clean
make[3]: Entering directory `/home/dirac/detar/milc/v6/schroed_ks_dyn'
touch humor_irix.o; /bin/rm -f *.o
make[3]: Leaving directory `/home/dirac/detar/milc/v6/schroed_ks_dyn'
touch .lastmake.Make_vanilla.su3_schr_rw_hmc
g++ -c -g -Wall -DINLINE -DVANILLA -I.  -DSCHROED_FUN -DREWEIGH -DPHI_ALGORITHM -DHMC_ALGORITHM   control.c
g++ -c -g -Wall -DINLINE -DVANILLA -I.  -DSCHROED_FUN -DREWEIGH -DPHI_ALGORITHM -DHMC_ALGORITHM   setup.c
setup.c: In function `int readin(int)':
setup.c:101: warning: unused variable `int i'
setup.c: In function `void rephase_sf(int)':
setup.c:233: warning: unused variable `float ddi'
setup.c:233: warning: unused variable `float ddr'
setup.c:233: warning: unused variable `float ethi'
setup.c:233: warning: unused variable `float ethr'
g++ -c -g -Wall -DINLINE -DVANILLA -I.  -DSCHROED_FUN -DREWEIGH -DPHI_ALGORITHM -DHMC_ALGORITHM   update_u.c
g++ -c -g -Wall -DINLINE -DVANILLA -I.  -DSCHROED_FUN -DREWEIGH -DPHI_ALGORITHM -DHMC_ALGORITHM   update_h.c
g++ -c -g -Wall -DINLINE -DVANILLA -I.  -DSCHROED_FUN -DREWEIGH -DPHI_ALGORITHM -DHMC_ALGORITHM   f_measure.c
g++ -c -g -Wall -DINLINE -DVANILLA -I.  -DSCHROED_FUN -DREWEIGH -DPHI_ALGORITHM -DHMC_ALGORITHM   gauge_info.c
g++ -c -g -Wall -DINLINE -DVANILLA -I.  -DSCHROED_FUN -DREWEIGH -DPHI_ALGORITHM -DHMC_ALGORITHM    ../generic/layout_hyper.c 
g++ -c -g -Wall -DINLINE -DVANILLA -I.  -DSCHROED_FUN -DREWEIGH -DPHI_ALGORITHM -DHMC_ALGORITHM    ../generic/check_unitarity.c 
g++ -c -g -Wall -DINLINE -DVANILLA -I.  -DSCHROED_FUN -DREWEIGH -DPHI_ALGORITHM -DHMC_ALGORITHM    ../generic/io_helpers.c 
g++ -c -g -Wall -DINLINE -DVANILLA -I.  -DSCHROED_FUN -DREWEIGH -DPHI_ALGORITHM -DHMC_ALGORITHM    ../generic/io_lat4.c 
g++ -c -g -Wall -DINLINE -DVANILLA -I.  -DSCHROED_FUN -DREWEIGH -DPHI_ALGORITHM -DHMC_ALGORITHM    ../generic/make_lattice.c 
g++ -c -g -Wall -DINLINE -DVANILLA -I.  -DSCHROED_FUN -DREWEIGH -DPHI_ALGORITHM -DHMC_ALGORITHM    ../generic/plaquette4.c 
g++ -c -g -Wall -DINLINE -DVANILLA -I.  -DSCHROED_FUN -DREWEIGH -DPHI_ALGORITHM -DHMC_ALGORITHM    ../generic/d_plaq2.c 
g++ -c -g -Wall -DINLINE -DVANILLA -I.  -DSCHROED_FUN -DREWEIGH -DPHI_ALGORITHM -DHMC_ALGORITHM    ../generic/ranstuff.c 
g++ -c -g -Wall -DINLINE -DVANILLA -I.  -DSCHROED_FUN -DREWEIGH -DPHI_ALGORITHM -DHMC_ALGORITHM    ../generic/ranmom.c 
g++ -c -g -Wall -DINLINE -DVANILLA -I.  -DSCHROED_FUN -DREWEIGH -DPHI_ALGORITHM -DHMC_ALGORITHM    ../generic/reunitarize2.c 
g++ -c -g -Wall -DINLINE -DVANILLA -I.  -DSCHROED_FUN -DREWEIGH -DPHI_ALGORITHM -DHMC_ALGORITHM    ../generic_ks/grsource.c
g++ -c -g -Wall -DINLINE -DVANILLA -I.  -DSCHROED_FUN -DREWEIGH -DPHI_ALGORITHM -DHMC_ALGORITHM    ../generic_ks/d_congrad5.c
g++ -c -g -Wall -DINLINE -DVANILLA -I.  -DSCHROED_FUN -DREWEIGH -DPHI_ALGORITHM -DHMC_ALGORITHM    ../generic_schroed/coupling.c 
g++ -c -g -Wall -DINLINE -DVANILLA -I.  -DSCHROED_FUN -DREWEIGH -DPHI_ALGORITHM -DHMC_ALGORITHM    ../generic_schroed/make_schroed_lattice.c 
g++ -c -g -Wall -DINLINE -DVANILLA -I.  -DSCHROED_FUN -DREWEIGH -DPHI_ALGORITHM -DHMC_ALGORITHM   d_action.c
g++ -c -g -Wall -DINLINE -DVANILLA -I.  -DSCHROED_FUN -DREWEIGH -DPHI_ALGORITHM -DHMC_ALGORITHM   update.c
g++ -c -g -Wall -DINLINE -DVANILLA -I.  -DSCHROED_FUN -DREWEIGH -DPHI_ALGORITHM -DHMC_ALGORITHM    ../generic/com_vanilla.c
g++ -c -g -Wall -DINLINE -DVANILLA -I.  -DSCHROED_FUN -DREWEIGH -DPHI_ALGORITHM -DHMC_ALGORITHM    ../generic/io_nonansi.c 
g++  -o su3_schr_rw_hmc \
control.o setup.o update_u.o update_h.o f_measure.o gauge_info.o layout_hyper.o check_unitarity.o io_helpers.o io_lat4.o make_lattice.o plaquette4.o d_plaq2.o ranstuff.o ranmom.o reunitarize2.o grsource.o d_congrad5.o coupling.o make_schroed_lattice.o d_action.o update.o com_vanilla.o io_nonansi.o ../libraries/su3.a ../libraries/complex.a  -lm
make[2]: Leaving directory `/home/dirac/detar/milc/v6/schroed_ks_dyn'
make[1]: Leaving directory `/home/dirac/detar/milc/v6/schroed_ks_dyn'
make[1]: Entering directory `/home/dirac/detar/milc/v6/schroed_ks_dyn'
su3_schr_rw_hmc  < in.sample.su3_schr_rw_hmc > out.test.su3_schr_rw_hmc
../headtail.pl WARMUPS RUNNING < out.test.su3_schr_rw_hmc > out.test.su3_schr_rw_hmc.tmp
../headtail.pl WARMUPS RUNNING < out.sample.su3_schr_rw_hmc > out.sample.su3_schr_rw_hmc.tmp
../diffn.pl out.test.su3_schr_rw_hmc.tmp out.sample.su3_schr_rw_hmc.tmp 1e-5 > \
   out.test.diff.su3_schr_rw_hmc
rm out.test.su3_schr_rw_hmc.tmp out.sample.su3_schr_rw_hmc.tmp
make[1]: Leaving directory `/home/dirac/detar/milc/v6/schroed_ks_dyn'
