for proj in sym_hmc sym_ora;\
do\
     	     cp -p ../Make_vanilla .;\
     make -f Make_vanilla $proj;\
     make -f Make_test "PROJ=$proj" out.test.diff.$proj;\
     rm -f $proj;\
     rm -f target;\
done
make[1]: Entering directory `/home/dirac/detar/milc/v6/symanzik_sl32'
make -f Make_vanilla target "MYTARGET= sym_hmc" \
"DEFINES =  -DHMC_ALGORITHM " \
"EXTRA_OBJECTS= update.o update_u.o update_h.o ranmom.o d_action.o"
make[2]: Entering directory `/home/dirac/detar/milc/v6/symanzik_sl32'
touch .lastmake.humor_irix; /bin/rm -f .lastmake.*
make -f Make_vanilla clean
make[3]: Entering directory `/home/dirac/detar/milc/v6/symanzik_sl32'
touch humor_irix.o; /bin/rm -f *.o
make[3]: Leaving directory `/home/dirac/detar/milc/v6/symanzik_sl32'
touch .lastmake.Make_vanilla.sym_hmc
g++ -c -g -Wall -DINLINE -DVANILLA -I. -DHMC_ALGORITHM    control.c
g++ -c -g -Wall -DINLINE -DVANILLA -I. -DHMC_ALGORITHM    setup.c
g++ -c -g -Wall -DINLINE -DVANILLA -I. -DHMC_ALGORITHM    gauge_stuff.c
g++ -c -g -Wall -DINLINE -DVANILLA -I. -DHMC_ALGORITHM    gauge_info.c
g++ -c -g -Wall -DINLINE -DVANILLA -I. -DHMC_ALGORITHM     ../generic/layout_hyper_sl32.c 
g++ -c -g -Wall -DINLINE -DVANILLA -I. -DHMC_ALGORITHM     ../generic/io_lat4.c 
g++ -c -g -Wall -DINLINE -DVANILLA -I. -DHMC_ALGORITHM     ../generic/io_helpers.c 
g++ -c -g -Wall -DINLINE -DVANILLA -I. -DHMC_ALGORITHM     ../generic/make_lattice.c 
g++ -c -g -Wall -DINLINE -DVANILLA -I. -DHMC_ALGORITHM     ../generic/plaquette4.c 
g++ -c -g -Wall -DINLINE -DVANILLA -I. -DHMC_ALGORITHM     ../generic/check_unitarity.c 
g++ -c -g -Wall -DINLINE -DVANILLA -I. -DHMC_ALGORITHM     ../generic/reunitarize2.c 
g++ -c -g -Wall -DINLINE -DVANILLA -I. -DHMC_ALGORITHM     ../generic/d_plaq2.c 
g++ -c -g -Wall -DINLINE -DVANILLA -I. -DHMC_ALGORITHM     ../generic/ploop2.c 
g++ -c -g -Wall -DINLINE -DVANILLA -I. -DHMC_ALGORITHM     ../generic/ranstuff.c 
g++ -c -g -Wall -DINLINE -DVANILLA -I. -DHMC_ALGORITHM    update.c
g++ -c -g -Wall -DINLINE -DVANILLA -I. -DHMC_ALGORITHM    update_u.c
g++ -c -g -Wall -DINLINE -DVANILLA -I. -DHMC_ALGORITHM    update_h.c
g++ -c -g -Wall -DINLINE -DVANILLA -I. -DHMC_ALGORITHM     ../generic/ranmom.c 
g++ -c -g -Wall -DINLINE -DVANILLA -I. -DHMC_ALGORITHM    d_action.c
g++ -c -g -Wall -DINLINE -DVANILLA -I. -DHMC_ALGORITHM     ../generic/com_vanilla.c
../generic/com_vanilla.c: In function `int make_gather(void (*)(int, int, int, int, int *, int, int *, int *, int *, int *), int *, int, int, int)':
../generic/com_vanilla.c:178: warning: unused variable `int k'
g++ -c -g -Wall -DINLINE -DVANILLA -I. -DHMC_ALGORITHM     ../generic/io_nonansi.c 
g++  -o sym_hmc \
control.o setup.o gauge_stuff.o gauge_info.o layout_hyper_sl32.o io_lat4.o io_helpers.o make_lattice.o plaquette4.o check_unitarity.o reunitarize2.o d_plaq2.o ploop2.o ranstuff.o update.o update_u.o update_h.o ranmom.o d_action.o com_vanilla.o io_nonansi.o ../libraries/su3.a ../libraries/complex.a  -lm
make[2]: Leaving directory `/home/dirac/detar/milc/v6/symanzik_sl32'
make[1]: Leaving directory `/home/dirac/detar/milc/v6/symanzik_sl32'
make[1]: Entering directory `/home/dirac/detar/milc/v6/symanzik_sl32'
sym_hmc  < in.sample.sym_hmc > out.test.sym_hmc
../headtail.pl WARMUPS RUNNING < out.test.sym_hmc > out.test.sym_hmc.tmp
../headtail.pl WARMUPS RUNNING < out.sample.sym_hmc > out.sample.sym_hmc.tmp
../diffn.pl out.test.sym_hmc.tmp out.sample.sym_hmc.tmp 1e-5 > \
   out.test.diff.sym_hmc
rm out.test.sym_hmc.tmp out.sample.sym_hmc.tmp
make[1]: Leaving directory `/home/dirac/detar/milc/v6/symanzik_sl32'
make[1]: Entering directory `/home/dirac/detar/milc/v6/symanzik_sl32'
make -f Make_vanilla target "MYTARGET= sym_ora" \
"DEFINES =  -DORA_ALGORITHM " \
"EXTRA_OBJECTS= update_ora.o relax.o monte.o dsdu_qhb.o"
make[2]: Entering directory `/home/dirac/detar/milc/v6/symanzik_sl32'
touch .lastmake.humor_irix; /bin/rm -f .lastmake.*
make -f Make_vanilla clean
make[3]: Entering directory `/home/dirac/detar/milc/v6/symanzik_sl32'
touch humor_irix.o; /bin/rm -f *.o
make[3]: Leaving directory `/home/dirac/detar/milc/v6/symanzik_sl32'
touch .lastmake.Make_vanilla.sym_ora
g++ -c -g -Wall -DINLINE -DVANILLA -I. -DORA_ALGORITHM    control.c
g++ -c -g -Wall -DINLINE -DVANILLA -I. -DORA_ALGORITHM    setup.c
g++ -c -g -Wall -DINLINE -DVANILLA -I. -DORA_ALGORITHM    gauge_stuff.c
g++ -c -g -Wall -DINLINE -DVANILLA -I. -DORA_ALGORITHM    gauge_info.c
g++ -c -g -Wall -DINLINE -DVANILLA -I. -DORA_ALGORITHM     ../generic/layout_hyper_sl32.c 
g++ -c -g -Wall -DINLINE -DVANILLA -I. -DORA_ALGORITHM     ../generic/io_lat4.c 
g++ -c -g -Wall -DINLINE -DVANILLA -I. -DORA_ALGORITHM     ../generic/io_helpers.c 
g++ -c -g -Wall -DINLINE -DVANILLA -I. -DORA_ALGORITHM     ../generic/make_lattice.c 
g++ -c -g -Wall -DINLINE -DVANILLA -I. -DORA_ALGORITHM     ../generic/plaquette4.c 
g++ -c -g -Wall -DINLINE -DVANILLA -I. -DORA_ALGORITHM     ../generic/check_unitarity.c 
g++ -c -g -Wall -DINLINE -DVANILLA -I. -DORA_ALGORITHM     ../generic/reunitarize2.c 
g++ -c -g -Wall -DINLINE -DVANILLA -I. -DORA_ALGORITHM     ../generic/d_plaq2.c 
g++ -c -g -Wall -DINLINE -DVANILLA -I. -DORA_ALGORITHM     ../generic/ploop2.c 
g++ -c -g -Wall -DINLINE -DVANILLA -I. -DORA_ALGORITHM     ../generic/ranstuff.c 
g++ -c -g -Wall -DINLINE -DVANILLA -I. -DORA_ALGORITHM    update_ora.c
g++ -c -g -Wall -DINLINE -DVANILLA -I. -DORA_ALGORITHM    relax.c
g++ -c -g -Wall -DINLINE -DVANILLA -I. -DORA_ALGORITHM    monte.c
monte.c: In function `void monte(int)':
monte.c:28: warning: unused variable `float avecr'
monte.c:28: warning: unused variable `float avekp'
g++ -c -g -Wall -DINLINE -DVANILLA -I. -DORA_ALGORITHM    dsdu_qhb.c
g++ -c -g -Wall -DINLINE -DVANILLA -I. -DORA_ALGORITHM     ../generic/com_vanilla.c
../generic/com_vanilla.c: In function `int make_gather(void (*)(int, int, int, int, int *, int, int *, int *, int *, int *), int *, int, int, int)':
../generic/com_vanilla.c:178: warning: unused variable `int k'
g++ -c -g -Wall -DINLINE -DVANILLA -I. -DORA_ALGORITHM     ../generic/io_nonansi.c 
g++  -o sym_ora \
control.o setup.o gauge_stuff.o gauge_info.o layout_hyper_sl32.o io_lat4.o io_helpers.o make_lattice.o plaquette4.o check_unitarity.o reunitarize2.o d_plaq2.o ploop2.o ranstuff.o update_ora.o relax.o monte.o dsdu_qhb.o com_vanilla.o io_nonansi.o ../libraries/su3.a ../libraries/complex.a  -lm
make[2]: Leaving directory `/home/dirac/detar/milc/v6/symanzik_sl32'
make[1]: Leaving directory `/home/dirac/detar/milc/v6/symanzik_sl32'
make[1]: Entering directory `/home/dirac/detar/milc/v6/symanzik_sl32'
sym_ora  < in.sample.sym_ora > out.test.sym_ora
../headtail.pl WARMUPS RUNNING < out.test.sym_ora > out.test.sym_ora.tmp
../headtail.pl WARMUPS RUNNING < out.sample.sym_ora > out.sample.sym_ora.tmp
../diffn.pl out.test.sym_ora.tmp out.sample.sym_ora.tmp 1e-5 > \
   out.test.diff.sym_ora
rm out.test.sym_ora.tmp out.sample.sym_ora.tmp
make[1]: Leaving directory `/home/dirac/detar/milc/v6/symanzik_sl32'
