# GNU Make version 3.79.1, by Richard Stallman and Roland McGrath.
# Built for sparc-sun-solaris2.7
# Copyright (C) 1988, 89, 90, 91, 92, 93, 94, 95, 96, 97, 98, 99, 2000
# 	Free Software Foundation, Inc.
# This is free software; see the source for copying conditions.
# There is NO warranty; not even for MERCHANTABILITY or FITNESS FOR A
# PARTICULAR PURPOSE.

# Report bugs to <bug-make@gnu.org>.

make: Nothing to be done for `Make_vanilla'.
make: *** No rule to make target `su3_arb_cg_eig'.  Stop.

# Make data base, printed on Thu Oct  4 10:23:57 2001

# Variables

# default
F77 = $(FC)
# environment
WPTERM51 = wpxterm
# default
PREPROCESS.r = $(FC) $(FFLAGS) $(RFLAGS) $(TARGET_ARCH) -F
# environment
TEXINPUTS = .:/usr/local/lib/tex/inputs:/usr/local/lib/tex/fonts/ps:/usr/local/lib/tex/latex:/usr/local/lib/tex/ams/amstex:/usr/local/lib/tex/ams/amstex/doc:/usr/local/lib/tex/ams/amslatex/inputs:/usr/local/lib/tex/bibtex:/usr/local/lib/tex/fonts/ap/300dpi:/usr/local/lib/tex/tugboat:/usr/local/lib/tex/lamstex/inputs:/usr/local/lib/tex/siam:/usr/local/lib/tex/ps:/usr/local/lib/tex/fonts/pandora:/u/res4/detar/tex:/u/res4/detar/tex
# automatic
@F = $(notdir $@)
# environment
TEXCONFIG = .:/usr/local/lib/tex/ps:/usr/local/lib/tex/fonts/vf:/usr/local/lib/tex/fonts/old/vf
# environment
NCARG_ROOT = /usr/local/ncar
# environment
HOME = /u/res4/detar
# default
MAKE = $(MAKE_COMMAND)
# default
SUFFIXES := .out .a .ln .o .c .cc .C .cpp .p .f .F .r .y .l .s .S .mod .sym .def .h .info .dvi .tex .texinfo .texi .txinfo .w .ch .web .sh .elc .el
# environment
OS_TYPE = SunOS
# environment
PRINTER = lexinscc2
# default
COMPILE.r = $(FC) $(FFLAGS) $(RFLAGS) $(TARGET_ARCH) -c
# default
LINK.F = $(FC) $(FFLAGS) $(CPPFLAGS) $(LDFLAGS) $(TARGET_ARCH)
# default
LINK.s = $(CC) $(ASFLAGS) $(LDFLAGS) $(TARGET_MACH)
# environment
PWD = /u/res4/detar/milc/v6/arb_dirac_eigen
# default
LINK.o = $(CC) $(LDFLAGS) $(TARGET_ARCH)
# environment
TEXFONTS = /usr/local/lib/tex/fonts/cm/600dpi:/usr/local/lib/tex/fonts/cm/300dpi:/usr/local/lib/tex/ams/amspsfnt/tfm:/usr/local/lib/tex/ams/amspsfnt/pfb:/usr/local/lib/tex/ams/amsfonts/pk-files/600dpi:/usr/local/lib/tex/ams/amsfonts/pk-files/300dpi:/usr/local/lib/tex/fonts/ap/300dpi:/usr/local/lib/tex/fonts/pandora:/usr/local/lib/tex/fonts/concrete/600dpi:/usr/local/lib/tex/fonts/greek:/usr/local/lib/tex/lamstex/mf:/usr/local/lib/tex/fonts/pk/600dpi:/usr/local/lib/tex/fonts/pk/300dpi:/usr/local/lib/tex/fonts/ps:/usr/local/lib/tex/latex2e/fonts:/usr/local/lib/tex/fonts/vf:/usr/local/lib/tex/fonts/old/vf:/usr/local/lib/tex/musictex:/usr/local/lib/tex/musictex/pk/600dpi:/usr/local/lib/tex/fonts/cmcyr/600dpi:/usr/local/lib/tex/fonts/ec/600dpi:/usr/local/lib/tex/fonts/ecc/600dpi:/usr/local/lib/tex/fonts/ams
# environment
THOTDIR = /usr/local/share/lib/amaya/amaya-1.0b/Thot
# default
COFLAGS = 
# default
TEXI2DVI = texi2dvi
# default
CURDIR := /home/dirac/detar/milc/v6/arb_dirac_eigen
# automatic
+F = $(notdir $+)
# default
COMPILE.f = $(FC) $(FFLAGS) $(TARGET_ARCH) -c
# environment
OS_VERSION = Generic_106541-14
# environment
NNTPSERVER = news.cc.utah.edu
# automatic
%F = $(notdir $%)
# default
LINK.c = $(CC) $(CFLAGS) $(CPPFLAGS) $(LDFLAGS) $(TARGET_ARCH)
# default
CO = co
# automatic
?D = $(patsubst %/,%,$(dir $?))
# default
PREPROCESS.F = $(FC) $(FFLAGS) $(CPPFLAGS) $(TARGET_ARCH) -F
# automatic
<D = $(patsubst %/,%,$(dir $<))
# default
M2C = m2c
# environment
OS_RELEASE = 5.7
# default
FC = f77
# environment
MACHINE_TYPE = SunOSsun4u
# default
CC = cc
# environment
INFO = /usr/local/plot79
# default
LINK.S = $(CC) $(ASFLAGS) $(CPPFLAGS) $(LDFLAGS) $(TARGET_MACH)
# default
CXX = g++
# default
AR = ar
# environment
PSLIBDIR = /usr/plocal/psplot
# default
CWEAVE = cweave
# environment
VFFONTS = .:/usr/local/lib/tex/latex2e/fonts:/usr/local/lib/tex/fonts/vf:/usr/local/lib/tex/fonts/old/vf:/usr/local/lib/tex/fonts/fontinst/contrib/helminck:/usr/local/lib/tex/fonts/malvern/vf:/usr/local/lib/tex/fonts/mathtime
# environment
OPENWINHOME = /usr/openwin
# environment
MACHTYPE = sparc
# default
COMPILE.F = $(FC) $(FFLAGS) $(CPPFLAGS) $(TARGET_ARCH) -c
# environment
HZINPUTDIR = /usr/local/src/cxterm/Dict
# environment
USER = detar
# automatic
*D = $(patsubst %/,%,$(dir $*))
# automatic
^D = $(patsubst %/,%,$(dir $^))
# environment
AB2_DEFAULTSERVER = http://suncore.math.utah.edu:8888/
# default
COMPILE.s = $(AS) $(ASFLAGS) $(TARGET_MACH)
# makefile
SHELL = /bin/sh
# default
YACC = yacc
# default
COMPILE.def = $(M2C) $(M2FLAGS) $(DEFFLAGS) $(TARGET_ARCH)
# environment
XFILESEARCHPATH = /usr/openwin/lib/locale/%L/%T/%N%S:/usr/openwin/lib/%T/%N%S
# default
LINK.C = $(LINK.cc)
# makefile
MAKEFLAGS = p
# default
LINK.p = $(PC) $(PFLAGS) $(CPPFLAGS) $(LDFLAGS) $(TARGET_ARCH)
# environment
WWW_HOME = http://physics.utah.edu
# default
OUTPUT_OPTION = -o $@
# default
MAKE_VERSION := 3.79.1
# environment
HOSTTYPE = sun4
# environment
LPDEST = lexinscc2
# default
PREPROCESS.S = $(CC) -E $(CPPFLAGS)
# environment
MAKELEVEL := 0
# environment
ARCH_TYPE = sun4u
# environment
TERMINFO = /usr/local/share/terminfo
# default
YACC.y = $(YACC) $(YFLAGS)
# default
COMPILE.c = $(CC) $(CFLAGS) $(CPPFLAGS) $(TARGET_ARCH) -c
# default
TANGLE = tangle
# environment
GROUP = hep
# environment
PLT = /usr/local/plot79
# default
CHECKOUT,v = +$(if $(wildcard $@),,$(CO) $(COFLAGS) $< $@)
# default
LD = ld
# environment
HOSTALIAS = dirac
# environment
MFLAGS = -p
# default
GET = get
# default
COMPILE.S = $(CC) $(ASFLAGS) $(CPPFLAGS) $(TARGET_MACH) -c
# default
PC = pc
# environment
NOSUNVIEW = 0
# default
AS = as
# automatic
@D = $(patsubst %/,%,$(dir $@))
# environment
WINDOWID = 37748749
# environment
TEX = /usr/local/lib/tex
# environment
TERM = xterm
# environment
MOTIFHOME = /usr/dt
# default
COMPILE.cpp = $(COMPILE.cc)
# environment
LOGNAME = detar
# environment
DISPLAY = :0.0
# environment
CLASSPATH = .
# environment
VENDOR = sun
# environment
SHLVL = 1
# environment
LD_LIBRARY_PATH = /usr/openwin/lib:/usr/dt/lib:/usr/local/lib:/usr/local/X11R5/lib:/usr/local/lib/X11
# default
COMPILE.C = $(COMPILE.cc)
# default
LINT = lint
# default
F77FLAGS = $(FFLAGS)
# default
COMPILE.p = $(PC) $(PFLAGS) $(CPPFLAGS) $(TARGET_ARCH) -c
# environment
LANG = C
# default
RM = rm -f
# environment
YPDOMAIN = yp.physics.utah.edu
# default
.LIBPATTERNS = lib%.so lib%.a
# automatic
+D = $(patsubst %/,%,$(dir $+))
# environment
ICAROOT = /usr/plocal/sun/lib/ICAClient
# default
WEAVE = weave
# environment
TEXPKS = /usr/local/lib/tex/fonts/cm/600dpi:/usr/local/lib/tex/fonts/cm/300dpi:/usr/local/lib/tex/ams/amspsfnt/tfm:/usr/local/lib/tex/ams/amspsfnt/pfb:/usr/local/lib/tex/ams/amsfonts/pk-files/600dpi:/usr/local/lib/tex/ams/amsfonts/pk-files/300dpi:/usr/local/lib/tex/fonts/ap/300dpi:/usr/local/lib/tex/fonts/pandora:/usr/local/lib/tex/fonts/concrete/600dpi:/usr/local/lib/tex/fonts/greek:/usr/local/lib/tex/lamstex/mf:/usr/local/lib/tex/fonts/pk/600dpi:/usr/local/lib/tex/fonts/pk/300dpi:/usr/local/lib/tex/fonts/ps:/usr/local/lib/tex/latex2e/fonts:/usr/local/lib/tex/fonts/vf:/usr/local/lib/tex/fonts/old/vf:/usr/local/lib/tex/musictex:/usr/local/lib/tex/musictex/pk/600dpi:/usr/local/lib/tex/fonts/cmcyr/600dpi:/usr/local/lib/tex/fonts/ec/600dpi:/usr/local/lib/tex/fonts/ecc/600dpi:/usr/local/lib/tex/fonts/ams
# environment
HOST = dirac.physics.utah.edu
# environment
OSTYPE = solaris
# environment
INDOMAIN = physics.utah.edu
# automatic
?F = $(notdir $?)
# automatic
%D = $(patsubst %/,%,$(dir $%))
# default
CPP = $(CC) -E
# automatic
<F = $(notdir $<)
# environment
DVIPSHEADERS = .:/usr/local/lib/tex/ps:/usr/local/lib/tex/fonts/vf:/usr/local/lib/tex/fonts/old/vf
# environment
HELPPATH = /usr/openwin/lib/locale:/usr/openwin/lib/help:/usr/local/lib/help
# default
LEX = lex
# default
LINK.cc = $(CXX) $(CXXFLAGS) $(CPPFLAGS) $(LDFLAGS) $(TARGET_ARCH)
# default
LEX.l = $(LEX) $(LFLAGS) -t
# default
COMPILE.mod = $(M2C) $(M2FLAGS) $(MODFLAGS) $(TARGET_ARCH)
# default
ARFLAGS = rv
# default
SCCS_OUTPUT_OPTION = -G$@
# automatic
*F = $(notdir $*)
# automatic
^F = $(notdir $^)
# environment
XKEYSYMDB = /usr/local/lib/netscape/XKeysymDB
# default
LINT.c = $(LINT) $(LINTFLAGS) $(CPPFLAGS) $(TARGET_ARCH)
# environment
TUTOR = /usr/local/tutor
# environment
EDITOR = /usr/local/bin/emacs
# default
LINK.r = $(FC) $(FFLAGS) $(RFLAGS) $(LDFLAGS) $(TARGET_ARCH)
# default
LINK.cpp = $(LINK.cc)
# default
COMPILE.cc = $(CXX) $(CXXFLAGS) $(CPPFLAGS) $(TARGET_ARCH) -c
# default
MAKECMDGOALS := Make_vanilla su3_arb_cg_eig
# default
MAKEFILES := 
# default
CTANGLE = ctangle
# default
MAKE_COMMAND := make
# environment
PATH = /usr/plocal/sun/bin:/u/res4/detar/bin/sun4:/local/bin:/u/res4/detar/bin:/usr/openwin/bin:/usr/dt/bin:/usr/plocal/bin:/usr/local/bin/X11:/usr/local/bin:/usr/local/pbmplus:/usr/local/X11R5/bin:/usr/local/plot79:/usr/local/java/bin:/usr/local/hotjava/bin:/opt/SUNWspro/bin:/usr/ccs/bin:/usr/ucb:/usr/sbin:/usr/bin:/bin:/sbin:/usr/5bin:/usr/local/etc:/etc:/usr/plocal/sun/bin:/usr/plocal/cern/sun/97a/bin:.
# default
LINK.f = $(FC) $(FFLAGS) $(LDFLAGS) $(TARGET_ARCH)
# default
MAKEINFO = makeinfo
# environment
HZDIR = /usr/local/lib/X11/fonts/chinese
# environment
XSTATION = 
# 140 variables in 523 hash buckets.
# average of 0.3 variables per bucket, max 3 in one bucket.

# Directories

# SCCS: could not be stat'd.
# . (device 8388623, inode 794221): 78 files, 85 impossibilities.
# RCS: could not be stat'd.

# 78 files, 85 impossibilities in 3 directories.

# Implicit Rules

%.out:

%.a:

%.ln:

%.o:

%: %.o
#  commands to execute (built-in):
	$(LINK.o) $^ $(LOADLIBES) $(LDLIBS) -o $@

%.c:

%: %.c
#  commands to execute (built-in):
	$(LINK.c) $^ $(LOADLIBES) $(LDLIBS) -o $@

%.ln: %.c
#  commands to execute (built-in):
	$(LINT.c) -C$* $<

%.o: %.c
#  commands to execute (built-in):
	$(COMPILE.c) $(OUTPUT_OPTION) $<

%.cc:

%: %.cc
#  commands to execute (built-in):
	$(LINK.cc) $^ $(LOADLIBES) $(LDLIBS) -o $@

%.o: %.cc
#  commands to execute (built-in):
	$(COMPILE.cc) $(OUTPUT_OPTION) $<

%.C:

%: %.C
#  commands to execute (built-in):
	$(LINK.C) $^ $(LOADLIBES) $(LDLIBS) -o $@

%.o: %.C
#  commands to execute (built-in):
	$(COMPILE.C) $(OUTPUT_OPTION) $<

%.cpp:

%: %.cpp
#  commands to execute (built-in):
	$(LINK.cpp) $^ $(LOADLIBES) $(LDLIBS) -o $@

%.o: %.cpp
#  commands to execute (built-in):
	$(COMPILE.cpp) $(OUTPUT_OPTION) $<

%.p:

%: %.p
#  commands to execute (built-in):
	$(LINK.p) $^ $(LOADLIBES) $(LDLIBS) -o $@

%.o: %.p
#  commands to execute (built-in):
	$(COMPILE.p) $(OUTPUT_OPTION) $<

%.f:

%: %.f
#  commands to execute (built-in):
	$(LINK.f) $^ $(LOADLIBES) $(LDLIBS) -o $@

%.o: %.f
#  commands to execute (built-in):
	$(COMPILE.f) $(OUTPUT_OPTION) $<

%.F:

%: %.F
#  commands to execute (built-in):
	$(LINK.F) $^ $(LOADLIBES) $(LDLIBS) -o $@

%.o: %.F
#  commands to execute (built-in):
	$(COMPILE.F) $(OUTPUT_OPTION) $<

%.f: %.F
#  commands to execute (built-in):
	$(PREPROCESS.F) $(OUTPUT_OPTION) $<

%.r:

%: %.r
#  commands to execute (built-in):
	$(LINK.r) $^ $(LOADLIBES) $(LDLIBS) -o $@

%.o: %.r
#  commands to execute (built-in):
	$(COMPILE.r) $(OUTPUT_OPTION) $<

%.f: %.r
#  commands to execute (built-in):
	$(PREPROCESS.r) $(OUTPUT_OPTION) $<

%.y:

%.ln: %.y
#  commands to execute (built-in):
	$(YACC.y) $< 
	$(LINT.c) -C$* y.tab.c 
	$(RM) y.tab.c

%.c: %.y
#  commands to execute (built-in):
	$(YACC.y) $< 
	mv -f y.tab.c $@

%.l:

%.ln: %.l
#  commands to execute (built-in):
	@$(RM) $*.c
	$(LEX.l) $< > $*.c
	$(LINT.c) -i $*.c -o $@
	$(RM) $*.c

%.c: %.l
#  commands to execute (built-in):
	@$(RM) $@ 
	$(LEX.l) $< > $@

%.r: %.l
#  commands to execute (built-in):
	$(LEX.l) $< > $@ 
	mv -f lex.yy.r $@

%.s:

%: %.s
#  commands to execute (built-in):
	$(LINK.s) $^ $(LOADLIBES) $(LDLIBS) -o $@

%.o: %.s
#  commands to execute (built-in):
	$(COMPILE.s) -o $@ $<

%.S:

%: %.S
#  commands to execute (built-in):
	$(LINK.S) $^ $(LOADLIBES) $(LDLIBS) -o $@

%.o: %.S
#  commands to execute (built-in):
	$(COMPILE.S) -o $@ $<

%.s: %.S
#  commands to execute (built-in):
	$(PREPROCESS.S) $< > $@

%.mod:

%: %.mod
#  commands to execute (built-in):
	$(COMPILE.mod) -o $@ -e $@ $^

%.o: %.mod
#  commands to execute (built-in):
	$(COMPILE.mod) -o $@ $<

%.sym:

%.def:

%.sym: %.def
#  commands to execute (built-in):
	$(COMPILE.def) -o $@ $<

%.h:

%.info:

%.dvi:

%.tex:

%.dvi: %.tex
#  commands to execute (built-in):
	$(TEX) $<

%.texinfo:

%.info: %.texinfo
#  commands to execute (built-in):
	$(MAKEINFO) $(MAKEINFO_FLAGS) $< -o $@

%.dvi: %.texinfo
#  commands to execute (built-in):
	$(TEXI2DVI) $(TEXI2DVI_FLAGS) $<

%.texi:

%.info: %.texi
#  commands to execute (built-in):
	$(MAKEINFO) $(MAKEINFO_FLAGS) $< -o $@

%.dvi: %.texi
#  commands to execute (built-in):
	$(TEXI2DVI) $(TEXI2DVI_FLAGS) $<

%.txinfo:

%.info: %.txinfo
#  commands to execute (built-in):
	$(MAKEINFO) $(MAKEINFO_FLAGS) $< -o $@

%.dvi: %.txinfo
#  commands to execute (built-in):
	$(TEXI2DVI) $(TEXI2DVI_FLAGS) $<

%.w:

%.c: %.w
#  commands to execute (built-in):
	$(CTANGLE) $< - $@

%.tex: %.w
#  commands to execute (built-in):
	$(CWEAVE) $< - $@

%.ch:

%.web:

%.p: %.web
#  commands to execute (built-in):
	$(TANGLE) $<

%.tex: %.web
#  commands to execute (built-in):
	$(WEAVE) $<

%.sh:

%: %.sh
#  commands to execute (built-in):
	cat $< >$@ 
	chmod a+x $@

%.elc:

%.el:

(%): %
#  commands to execute (built-in):
	$(AR) $(ARFLAGS) $@ $<

%.out: %
#  commands to execute (built-in):
	@rm -f $@ 
	cp $< $@

%.c: %.w %.ch
#  commands to execute (built-in):
	$(CTANGLE) $^ $@

%.tex: %.w %.ch
#  commands to execute (built-in):
	$(CWEAVE) $^ $@

%:: %,v
#  commands to execute (built-in):
	$(CHECKOUT,v)

%:: RCS/%,v
#  commands to execute (built-in):
	$(CHECKOUT,v)

%:: RCS/%
#  commands to execute (built-in):
	$(CHECKOUT,v)

%:: s.%
#  commands to execute (built-in):
	$(GET) $(GFLAGS) $(SCCS_OUTPUT_OPTION) $<

%:: SCCS/s.%
#  commands to execute (built-in):
	$(GET) $(GFLAGS) $(SCCS_OUTPUT_OPTION) $<

# 86 implicit rules, 5 (5.8%) terminal.

# Pattern-specific variable values

# No pattern-specific variable values.

# Files

# Not a target:
.c:
#  Implicit rule search has not been done.
#  Modification time never checked.
#  File has not been updated.
#  commands to execute (built-in):
	$(LINK.c) $^ $(LOADLIBES) $(LDLIBS) -o $@

# Not a target:
.texinfo.info:
#  Implicit rule search has not been done.
#  Modification time never checked.
#  File has not been updated.
#  commands to execute (built-in):
	$(MAKEINFO) $(MAKEINFO_FLAGS) $< -o $@

# Not a target:
.mod.o:
#  Implicit rule search has not been done.
#  Modification time never checked.
#  File has not been updated.
#  commands to execute (built-in):
	$(COMPILE.mod) -o $@ $<

# Not a target:
.c.o:
#  Implicit rule search has not been done.
#  Modification time never checked.
#  File has not been updated.
#  commands to execute (built-in):
	$(COMPILE.c) $(OUTPUT_OPTION) $<

# Not a target:
.s:
#  Implicit rule search has not been done.
#  Modification time never checked.
#  File has not been updated.
#  commands to execute (built-in):
	$(LINK.s) $^ $(LOADLIBES) $(LDLIBS) -o $@

# Not a target:
Makefile:
#  A default or MAKEFILES makefile.
#  Implicit rule search has been done.
#  File does not exist.
#  File has been updated.
#  Failed to be updated.

# Not a target:
.txinfo.dvi:
#  Implicit rule search has not been done.
#  Modification time never checked.
#  File has not been updated.
#  commands to execute (built-in):
	$(TEXI2DVI) $(TEXI2DVI_FLAGS) $<

# Not a target:
.DEFAULT:
#  Implicit rule search has not been done.
#  Modification time never checked.
#  File has not been updated.

# Not a target:
.y.c:
#  Implicit rule search has not been done.
#  Modification time never checked.
#  File has not been updated.
#  commands to execute (built-in):
	$(YACC.y) $< 
	mv -f y.tab.c $@

# Not a target:
.l:
#  Implicit rule search has not been done.
#  Modification time never checked.
#  File has not been updated.

# Not a target:
.web.tex:
#  Implicit rule search has not been done.
#  Modification time never checked.
#  File has not been updated.
#  commands to execute (built-in):
	$(WEAVE) $<

# Not a target:
.s.o:
#  Implicit rule search has not been done.
#  Modification time never checked.
#  File has not been updated.
#  commands to execute (built-in):
	$(COMPILE.s) -o $@ $<

# Not a target:
.sym:
#  Implicit rule search has not been done.
#  Modification time never checked.
#  File has not been updated.

# Not a target:
.texi:
#  Implicit rule search has not been done.
#  Modification time never checked.
#  File has not been updated.

# Not a target:
.F.f:
#  Implicit rule search has not been done.
#  Modification time never checked.
#  File has not been updated.
#  commands to execute (built-in):
	$(PREPROCESS.F) $(OUTPUT_OPTION) $<

# Not a target:
.dvi:
#  Implicit rule search has not been done.
#  Modification time never checked.
#  File has not been updated.

# Not a target:
GNUmakefile:
#  A default or MAKEFILES makefile.
#  Implicit rule search has been done.
#  File does not exist.
#  File has been updated.
#  Failed to be updated.

# Not a target:
.web.p:
#  Implicit rule search has not been done.
#  Modification time never checked.
#  File has not been updated.
#  commands to execute (built-in):
	$(TANGLE) $<

# Not a target:
.def:
#  Implicit rule search has not been done.
#  Modification time never checked.
#  File has not been updated.

# Not a target:
makefile:
#  A default or MAKEFILES makefile.
#  Implicit rule search has been done.
#  File does not exist.
#  File has been updated.
#  Failed to be updated.

# Not a target:
.F:
#  Implicit rule search has not been done.
#  Modification time never checked.
#  File has not been updated.
#  commands to execute (built-in):
	$(LINK.F) $^ $(LOADLIBES) $(LDLIBS) -o $@

# Not a target:
.cc.o:
#  Implicit rule search has not been done.
#  Modification time never checked.
#  File has not been updated.
#  commands to execute (built-in):
	$(COMPILE.cc) $(OUTPUT_OPTION) $<

# Not a target:
.S.s:
#  Implicit rule search has not been done.
#  Modification time never checked.
#  File has not been updated.
#  commands to execute (built-in):
	$(PREPROCESS.S) $< > $@

# Not a target:
.ch:
#  Implicit rule search has not been done.
#  Modification time never checked.
#  File has not been updated.

# Not a target:
.def.sym:
#  Implicit rule search has not been done.
#  Modification time never checked.
#  File has not been updated.
#  commands to execute (built-in):
	$(COMPILE.def) -o $@ $<

# Not a target:
.F.o:
#  Implicit rule search has not been done.
#  Modification time never checked.
#  File has not been updated.
#  commands to execute (built-in):
	$(COMPILE.F) $(OUTPUT_OPTION) $<

# Not a target:
.f:
#  Implicit rule search has not been done.
#  Modification time never checked.
#  File has not been updated.
#  commands to execute (built-in):
	$(LINK.f) $^ $(LOADLIBES) $(LDLIBS) -o $@

# Not a target:
.elc:
#  Implicit rule search has not been done.
#  Modification time never checked.
#  File has not been updated.

# Not a target:
.y.ln:
#  Implicit rule search has not been done.
#  Modification time never checked.
#  File has not been updated.
#  commands to execute (built-in):
	$(YACC.y) $< 
	$(LINT.c) -C$* y.tab.c 
	$(RM) y.tab.c

# Not a target:
.texi.dvi:
#  Implicit rule search has not been done.
#  Modification time never checked.
#  File has not been updated.
#  commands to execute (built-in):
	$(TEXI2DVI) $(TEXI2DVI_FLAGS) $<

# Not a target:
.el:
#  Implicit rule search has not been done.
#  Modification time never checked.
#  File has not been updated.

# Not a target:
.texinfo.dvi:
#  Implicit rule search has not been done.
#  Modification time never checked.
#  File has not been updated.
#  commands to execute (built-in):
	$(TEXI2DVI) $(TEXI2DVI_FLAGS) $<

# Not a target:
.SUFFIXES: .out .a .ln .o .c .cc .C .cpp .p .f .F .r .y .l .s .S .mod .sym .def .h .info .dvi .tex .texinfo .texi .txinfo .w .ch .web .sh .elc .el
#  Implicit rule search has not been done.
#  Modification time never checked.
#  File has not been updated.

# Not a target:
.txinfo:
#  Implicit rule search has not been done.
#  Modification time never checked.
#  File has not been updated.

# Not a target:
.p.o:
#  Implicit rule search has not been done.
#  Modification time never checked.
#  File has not been updated.
#  commands to execute (built-in):
	$(COMPILE.p) $(OUTPUT_OPTION) $<

# Not a target:
.r.f:
#  Implicit rule search has not been done.
#  Modification time never checked.
#  File has not been updated.
#  commands to execute (built-in):
	$(PREPROCESS.r) $(OUTPUT_OPTION) $<

# Not a target:
.w.tex:
#  Implicit rule search has not been done.
#  Modification time never checked.
#  File has not been updated.
#  commands to execute (built-in):
	$(CWEAVE) $< - $@

# Not a target:
.txinfo.info:
#  Implicit rule search has not been done.
#  Modification time never checked.
#  File has not been updated.
#  commands to execute (built-in):
	$(MAKEINFO) $(MAKEINFO_FLAGS) $< -o $@

# Not a target:
.o:
#  Implicit rule search has not been done.
#  Modification time never checked.
#  File has not been updated.
#  commands to execute (built-in):
	$(LINK.o) $^ $(LOADLIBES) $(LDLIBS) -o $@

# Not a target:
.c.ln:
#  Implicit rule search has not been done.
#  Modification time never checked.
#  File has not been updated.
#  commands to execute (built-in):
	$(LINT.c) -C$* $<

# Not a target:
.w:
#  Implicit rule search has not been done.
#  Modification time never checked.
#  File has not been updated.

# Not a target:
.ln:
#  Implicit rule search has not been done.
#  Modification time never checked.
#  File has not been updated.

# Not a target:
.l.r:
#  Implicit rule search has not been done.
#  Modification time never checked.
#  File has not been updated.
#  commands to execute (built-in):
	$(LEX.l) $< > $@ 
	mv -f lex.yy.r $@

# Not a target:
su3_arb_cg_eig:
#  Command-line target.
#  Implicit rule search has been done.
#  File does not exist.
#  File has not been updated.

# Not a target:
.info:
#  Implicit rule search has not been done.
#  Modification time never checked.
#  File has not been updated.

# Not a target:
.r.o:
#  Implicit rule search has not been done.
#  Modification time never checked.
#  File has not been updated.
#  commands to execute (built-in):
	$(COMPILE.r) $(OUTPUT_OPTION) $<

# Not a target:
.h:
#  Implicit rule search has not been done.
#  Modification time never checked.
#  File has not been updated.

# Not a target:
.C.o:
#  Implicit rule search has not been done.
#  Modification time never checked.
#  File has not been updated.
#  commands to execute (built-in):
	$(COMPILE.C) $(OUTPUT_OPTION) $<

# Not a target:
.p:
#  Implicit rule search has not been done.
#  Modification time never checked.
#  File has not been updated.
#  commands to execute (built-in):
	$(LINK.p) $^ $(LOADLIBES) $(LDLIBS) -o $@

# Not a target:
.l.c:
#  Implicit rule search has not been done.
#  Modification time never checked.
#  File has not been updated.
#  commands to execute (built-in):
	@$(RM) $@ 
	$(LEX.l) $< > $@

# Not a target:
.sh:
#  Implicit rule search has not been done.
#  Modification time never checked.
#  File has not been updated.
#  commands to execute (built-in):
	cat $< >$@ 
	chmod a+x $@

# Not a target:
.web:
#  Implicit rule search has not been done.
#  Modification time never checked.
#  File has not been updated.

# Not a target:
.out:
#  Implicit rule search has not been done.
#  Modification time never checked.
#  File has not been updated.

# Not a target:
.cc:
#  Implicit rule search has not been done.
#  Modification time never checked.
#  File has not been updated.
#  commands to execute (built-in):
	$(LINK.cc) $^ $(LOADLIBES) $(LDLIBS) -o $@

# Not a target:
.f.o:
#  Implicit rule search has not been done.
#  Modification time never checked.
#  File has not been updated.
#  commands to execute (built-in):
	$(COMPILE.f) $(OUTPUT_OPTION) $<

# Not a target:
.texi.info:
#  Implicit rule search has not been done.
#  Modification time never checked.
#  File has not been updated.
#  commands to execute (built-in):
	$(MAKEINFO) $(MAKEINFO_FLAGS) $< -o $@

# Not a target:
.a:
#  Implicit rule search has not been done.
#  Modification time never checked.
#  File has not been updated.

# Not a target:
.tex:
#  Implicit rule search has not been done.
#  Modification time never checked.
#  File has not been updated.

# Not a target:
.cpp.o:
#  Implicit rule search has not been done.
#  Modification time never checked.
#  File has not been updated.
#  commands to execute (built-in):
	$(COMPILE.cpp) $(OUTPUT_OPTION) $<

# Not a target:
.l.ln:
#  Implicit rule search has not been done.
#  Modification time never checked.
#  File has not been updated.
#  commands to execute (built-in):
	@$(RM) $*.c
	$(LEX.l) $< > $*.c
	$(LINT.c) -i $*.c -o $@
	$(RM) $*.c

# Not a target:
.y:
#  Implicit rule search has not been done.
#  Modification time never checked.
#  File has not been updated.

# Not a target:
.S.o:
#  Implicit rule search has not been done.
#  Modification time never checked.
#  File has not been updated.
#  commands to execute (built-in):
	$(COMPILE.S) -o $@ $<

# Not a target:
.tex.dvi:
#  Implicit rule search has not been done.
#  Modification time never checked.
#  File has not been updated.
#  commands to execute (built-in):
	$(TEX) $<

# Not a target:
.r:
#  Implicit rule search has not been done.
#  Modification time never checked.
#  File has not been updated.
#  commands to execute (built-in):
	$(LINK.r) $^ $(LOADLIBES) $(LDLIBS) -o $@

# Not a target:
.mod:
#  Implicit rule search has not been done.
#  Modification time never checked.
#  File has not been updated.
#  commands to execute (built-in):
	$(COMPILE.mod) -o $@ -e $@ $^

# Not a target:
Make_vanilla:
#  Command-line target.
#  Implicit rule search has been done.
#  Last modified 2001-10-02 15:35:47
#  File has been updated.
#  Successfully updated.

# Not a target:
.C:
#  Implicit rule search has not been done.
#  Modification time never checked.
#  File has not been updated.
#  commands to execute (built-in):
	$(LINK.C) $^ $(LOADLIBES) $(LDLIBS) -o $@

# Not a target:
.S:
#  Implicit rule search has not been done.
#  Modification time never checked.
#  File has not been updated.
#  commands to execute (built-in):
	$(LINK.S) $^ $(LOADLIBES) $(LDLIBS) -o $@

# Not a target:
.texinfo:
#  Implicit rule search has not been done.
#  Modification time never checked.
#  File has not been updated.

# Not a target:
.w.c:
#  Implicit rule search has not been done.
#  Modification time never checked.
#  File has not been updated.
#  commands to execute (built-in):
	$(CTANGLE) $< - $@

# Not a target:
.cpp:
#  Implicit rule search has not been done.
#  Modification time never checked.
#  File has not been updated.
#  commands to execute (built-in):
	$(LINK.cpp) $^ $(LOADLIBES) $(LDLIBS) -o $@

# 71 files in 1007 hash buckets.
# average 0.071 files per bucket, max 2 files in one bucket.

# VPATH Search Paths

# No `vpath' search paths.

# No general (`VPATH' variable) search path.

# Finished Make data base on Thu Oct  4 10:23:57 2001

